#
# A fatal error has been detected by the Java Runtime Environment:
#
#  EXCEPTION_ACCESS_VIOLATION (0xc0000005) at pc=0x00007ffe51e8ebca, pid=6188, tid=18892
#
# JRE version: OpenJDK Runtime Environment 21.9 (17.0.2+8) (build 17.0.2+8-LTS)
# Java VM: OpenJDK 64-Bit Server VM 21.9 (17.0.2+8-LTS, mixed mode, sharing, tiered, compressed oops, compressed class ptrs, g1 gc, windows-amd64)
# Problematic frame:
# V  [jvm.dll+0x79ebca]
#
# No core dump will be written. Minidumps are not enabled by default on client versions of Windows
#
# If you would like to submit a bug report, please visit:
#   https://github.com/ojdkbuild/ojdkbuild/issues
#

---------------  S U M M A R Y ------------

Command Line: -XX:+ShowCodeDetailsInExceptionMessages -agentlib:jdwp=transport=dt_socket,suspend=y,address=localhost:58346 -javaagent:D:\Programs\eclipse-jee-2022-09-R-win32-x86_64\configuration\org.eclipse.osgi\421\0\.cp\lib\javaagent-shaded.jar -Dfile.encoding=UTF-8 com.mymes.equip.vplc.VirtualPlcApplication

Host: 11th Gen Intel(R) Core(TM) i7-1165G7 @ 2.80GHz, 8 cores, 15G,  Windows 10 , 64 bit Build 18362 (10.0.18362.2274)
Time: Tue Jul  2 14:57:41 2024 대한민국 표준시 elapsed time: 177.509434 seconds (0d 0h 2m 57s)

---------------  T H R E A D  ---------------

Current thread (0x000001734115d4d0):  JavaThread "JDWP Transport Listener: dt_socket" daemon [_thread_in_vm, id=18892, stack(0x0000000ed4000000,0x0000000ed4100000)]

Stack: [0x0000000ed4000000,0x0000000ed4100000],  sp=0x0000000ed40ff380,  free space=1020k
Native frames: (J=compiled Java code, j=interpreted, Vv=VM code, C=native code)
V  [jvm.dll+0x79ebca]
V  [jvm.dll+0x50931c]
V  [jvm.dll+0x4d0735]
C  [jdwp.dll+0x22e9f]


siginfo: EXCEPTION_ACCESS_VIOLATION (0xc0000005), reading address 0x000000000147000a


Register to memory mapping:

RIP=0x00007ffe51e8ebca jvm.dll
RAX=0x000000000000014d is an unknown value
RBX=0x0000017340fa5395 points into unknown readable memory: 74 79 3b
RCX=0x0000000001470006 is an unknown value
RDX=0x0000017342db3080 points into unknown readable memory: 0x6d796d2f6d6f634c | 4c 63 6f 6d 2f 6d 79 6d
RSP=0x0000000ed40ff380 is pointing into the stack for thread: 0x000001734115d4d0
RBP=0x0000017341144280 points into unknown readable memory: 0x0000017300000002 | 02 00 00 00 73 01 00 00
RSI=0x0 is NULL
RDI=0xffffffffffffffff is an unknown value
R8 =0x00000000000000f4 is an unknown value
R9 =0x000000000000003e is an unknown value
R10=0x00000000000000c0 is an unknown value
R11=0x0000000ed40ff3a0 is pointing into the stack for thread: 0x000001734115d4d0
R12=0x0000000ed40ff4d8 is pointing into the stack for thread: 0x000001734115d4d0
R13=0x0 is NULL
R14=0x0000000800ea6788 is a pointer to class: 
com.mymes.equip.vplc.service.impl.ConnectionEntity {0x0000000800ea6790}
 - instance size:     6
 - klass size:        91
 - access:            public synchronized 
 - state:             fully_initialized
 - name:              'com/mymes/equip/vplc/service/impl/ConnectionEntity'
 - super:             'com/mymes/equip/vplc/persist/PersistentEntity'
 - sub:               'com/mymes/equip/vplc/service/impl/ConnectionEntity$HibernateProxy$slroLVrm'   
 - arrays:            NULL
 - methods:           Array<T>(0x000001734ea8feb8)
 - method ordering:   Array<T>(0x000001734ea916c8)
 - default_methods:   Array<T>(0x0000000000000000)
 - local interfaces:  Array<T>(0x00000008005cf298)
 - trans. interfaces: Array<T>(0x00000008005cf298)
 - constants:         constant pool [365]/operands[14] {0x000001734ea932b8} for 'com/mymes/equip/vplc/service/impl/ConnectionEntity' cache=0x000001734ea93ef8
 - class loader data:  loader data: 0x000001731e24b7c0 for instance a 'jdk/internal/loader/ClassLoaders$AppClassLoader'{0x00000007052e0200}
 - source file:       'ConnectionEntity.java'
 - source debug extension:       SMAP
ConnectionEntity.java
Java
*S jdt
*F
1 ConnectionEntity.java
2 file:/D:/Sources/Workspaces/Workspace-3dx/3dx-conv/control/vplc/target/classes/
*L
*E

 - class annotations:       Array<T>(0x000001734ea91660)
 - class type annotations:  Array<T>(0x0000000000000000)
 - field annotations:       Array<T>(0x000001734ea8fda8)
 - field type annotations:  Array<T>(0x0000000000000000)
 - generic signature: '
[error occurred during error reporting (printing register info), id 0xc0000005, EXCEPTION_ACCESS_VIOLATION (0xc0000005) at pc=0x00007ffe51e8f7d6]

Registers:
RAX=0x000000000000014d, RBX=0x0000017340fa5395, RCX=0x0000000001470006, RDX=0x0000017342db3080
RSP=0x0000000ed40ff380, RBP=0x0000017341144280, RSI=0x0000000000000000, RDI=0xffffffffffffffff
R8 =0x00000000000000f4, R9 =0x000000000000003e, R10=0x00000000000000c0, R11=0x0000000ed40ff3a0
R12=0x0000000ed40ff4d8, R13=0x0000000000000000, R14=0x0000000800ea6788, R15=0x0000000ed40ff528
RIP=0x00007ffe51e8ebca, EFLAGS=0x0000000000010202

Top of Stack: (sp=0x0000000ed40ff380)
0x0000000ed40ff380:   0000000000000032 0000000800ea6788
0x0000000ed40ff390:   000001734115d4d0 0000000000000000
0x0000000ed40ff3a0:   ffffffffffffffff 00007ffe51bf931c
0x0000000ed40ff3b0:   0000017340fa5395 0000017340fa5360
0x0000000ed40ff3c0:   0000017341144280 00000173427ddf50
0x0000000ed40ff3d0:   0000017340fa5310 00000000000003d8
0x0000000ed40ff3e0:   0000017340fa5320 0000017340fa56f8
0x0000000ed40ff3f0:   0000000000000002 0000000ed40ff4d8
0x0000000ed40ff400:   0000000000000000 0000000000000000
0x0000000ed40ff410:   00000007059314d0 00007ffe51bc0735
0x0000000ed40ff420:   000001734115d4d0 0000000ed40ff528
0x0000000ed40ff430:   000001731b74eff0 0000000ed40ff528
0x0000000ed40ff440:   000001734115d4d0 0000000000000000
0x0000000ed40ff450:   0000017300000000 0000000000000000
0x0000000ed40ff460:   000000000000000d 00007ffecb802e9f
0x0000000ed40ff470:   0000000ed40ff520 00007ffecb811aa0 

Instructions: (pc=0x00007ffe51e8ebca)
0x00007ffe51e8eaca:   48 83 c4 20 5f e9 bc 79 90 ff cc cc cc cc cc cc
0x00007ffe51e8eada:   cc cc cc cc cc cc 48 89 5c 24 08 57 48 83 ec 20
0x00007ffe51e8eaea:   83 fa 02 8d 42 06 b9 08 00 00 00 49 8b d8 0f 4e
0x00007ffe51e8eafa:   c1 48 63 c8 48 83 c1 07 83 e1 f8 48 63 f9 49 8b
0x00007ffe51e8eb0a:   48 18 48 8b c7 48 f7 d0 48 3b c1 73 16 4c 8d 05
0x00007ffe51e8eb1a:   8a 57 17 00 48 8b d7 48 8b cb e8 c7 dc 90 ff 48
0x00007ffe51e8eb2a:   8b 4b 18 48 8d 04 39 48 3b 43 20 76 18 45 33 c0
0x00007ffe51e8eb3a:   48 8b d7 48 8b cb 48 8b 5c 24 30 48 83 c4 20 5f
0x00007ffe51e8eb4a:   e9 21 d9 90 ff 48 89 43 18 48 8b c1 48 8b 5c 24
0x00007ffe51e8eb5a:   30 48 83 c4 20 5f c3 cc cc cc cc cc cc cc cc cc
0x00007ffe51e8eb6a:   cc cc cc cc cc cc 4c 8b d2 4c 8b d9 45 85 c0 7e
0x00007ffe51e8eb7a:   3c 44 0f b7 49 04 41 8d 40 ff 41 3b c1 44 0f 4c
0x00007ffe51e8eb8a:   c8 4d 63 c1 45 85 c9 7e 1f 48 8b c2 4c 2b da 49
0x00007ffe51e8eb9a:   8b d0 0f 1f 40 00 41 0f b6 4c 03 06 88 08 48 8d
0x00007ffe51e8ebaa:   40 01 48 83 ea 01 75 ee 43 c6 04 10 00 49 8b c2
0x00007ffe51e8ebba:   c3 cc cc cc cc cc 48 89 5c 24 08 57 48 83 ec 20
0x00007ffe51e8ebca:   0f b7 59 04 48 8b f9 33 d2 48 8d 4b 01 e8 54 de
0x00007ffe51e8ebda:   f2 ff 0f b7 57 04 4c 8b c0 3b da 0f 42 d3 44 8b
0x00007ffe51e8ebea:   ca 85 d2 74 39 48 2b f8 0f 1f 40 00 66 66 0f 1f
0x00007ffe51e8ebfa:   84 00 00 00 00 00 0f b6 4c 07 06 88 08 48 ff c0
0x00007ffe51e8ec0a:   48 8b c8 49 2b c8 49 3b c9 7c eb 42 c6 04 02 00
0x00007ffe51e8ec1a:   49 8b c0 48 8b 5c 24 30 48 83 c4 20 5f c3 48 8b
0x00007ffe51e8ec2a:   5c 24 30 c6 04 02 00 48 83 c4 20 5f c3 cc cc cc
0x00007ffe51e8ec3a:   cc cc cc cc cc cc 4c 8b d1 45 85 c0 7e 6c 44 0f
0x00007ffe51e8ec4a:   b7 49 04 41 8d 40 ff 41 3b c1 44 0f 4c c8 4d 63
0x00007ffe51e8ec5a:   d9 45 85 c9 7e 22 48 8b ca 4c 2b d2 4d 8b c3 0f
0x00007ffe51e8ec6a:   1f 80 00 00 00 00 41 0f b6 44 0a 06 88 01 48 8d
0x00007ffe51e8ec7a:   49 01 49 83 e8 01 75 ee 41 c6 04 13 00 48 c7 c0
0x00007ffe51e8ec8a:   ff ff ff ff 66 90 48 ff c0 80 3c 02 00 75 f7 48
0x00007ffe51e8ec9a:   63 c8 85 c0 48 8b c2 7e 14 80 38 2f 75 03 c6 00
0x00007ffe51e8ecaa:   2e 48 ff c0 48 83 e9 01 75 ef 48 8b c2 c3 cc cc
0x00007ffe51e8ecba:   cc cc cc cc cc cc 48 83 ec 28 e8 f7 fe ff ff 4c 


Stack slot to memory mapping:
stack at sp + 0 slots: 0x0000000000000032 is an unknown value
stack at sp + 1 slots: 0x0000000800ea6788 is a pointer to class: 
com.mymes.equip.vplc.service.impl.ConnectionEntity {0x0000000800ea6790}
 - instance size:     6
 - klass size:        91
 - access:            public synchronized 
 - state:             fully_initialized
 - name:              'com/mymes/equip/vplc/service/impl/ConnectionEntity'
 - super:             'com/mymes/equip/vplc/persist/PersistentEntity'
 - sub:               'com/mymes/equip/vplc/service/impl/ConnectionEntity$HibernateProxy$slroLVrm'   
 - arrays:            NULL
 - methods:           Array<T>(0x000001734ea8feb8)
 - method ordering:   Array<T>(0x000001734ea916c8)
 - default_methods:   Array<T>(0x0000000000000000)
 - local interfaces:  Array<T>(0x00000008005cf298)
 - trans. interfaces: Array<T>(0x00000008005cf298)
 - constants:         constant pool [365]/operands[14] {0x000001734ea932b8} for 'com/mymes/equip/vplc/service/impl/ConnectionEntity' cache=0x000001734ea93ef8
 - class loader data:  loader data: 0x000001731e24b7c0 for instance a 'jdk/internal/loader/ClassLoaders$AppClassLoader'{0x00000007052e0200}
 - source file:       'ConnectionEntity.java'
 - source debug extension:       SMAP
ConnectionEntity.java
Java
*S jdt
*F
1 ConnectionEntity.java
2 file:/D:/Sources/Workspaces/Workspace-3dx/3dx-conv/control/vplc/target/classes/
*L
*E

 - class annotations:       Array<T>(0x000001734ea91660)
 - class type annotations:  Array<T>(0x0000000000000000)
 - field annotations:       Array<T>(0x000001734ea8fda8)
 - field type annotations:  Array<T>(0x0000000000000000)
 - generic signature: '
[error occurred during error reporting (inspecting top of stack), id 0xc0000005, EXCEPTION_ACCESS_VIOLATION (0xc0000005) at pc=0x00007ffe51e8f7d6]


---------------  P R O C E S S  ---------------

Threads class SMR info:
_java_thread_list=0x0000017345c49f00, length=32, elements={
0x0000017340f82640, 0x0000017340f84b20, 0x0000017340fa0d10, 0x0000017340fa15f0,
0x0000017340fa1ac0, 0x0000017340fa9ab0, 0x0000017340fac2c0, 0x0000017340fb47e0,
0x0000017340fcf0f0, 0x0000017340f6cda0, 0x000001734115d4d0, 0x00000173411adf30,
0x00000173411aec30, 0x0000017342402ad0, 0x00000173433b4050, 0x00000173483ca020,
0x0000017347f1a700, 0x00000173466b5c80, 0x0000017347d1b470, 0x0000017347d20fe0,
0x0000017347d1ee30, 0x0000017347d1cc80, 0x0000017347d1fca0, 0x0000017347d1b940,
0x0000017347d1f300, 0x0000017347d1a130, 0x0000017347d1d150, 0x0000017347d1be10,
0x0000017347d1dfc0, 0x0000017347d1f7d0, 0x0000017347d1c2e0, 0x0000017347d20b10
}

Java Threads: ( => current thread )
  0x0000017340f82640 JavaThread "Reference Handler" daemon [_thread_blocked, id=19292, stack(0x0000000ed3600000,0x0000000ed3700000)]
  0x0000017340f84b20 JavaThread "Finalizer" daemon [_thread_blocked, id=21360, stack(0x0000000ed3700000,0x0000000ed3800000)]
  0x0000017340fa0d10 JavaThread "Signal Dispatcher" daemon [_thread_blocked, id=21612, stack(0x0000000ed3800000,0x0000000ed3900000)]
  0x0000017340fa15f0 JavaThread "Attach Listener" daemon [_thread_blocked, id=19304, stack(0x0000000ed3900000,0x0000000ed3a00000)]
  0x0000017340fa1ac0 JavaThread "Service Thread" daemon [_thread_blocked, id=14364, stack(0x0000000ed3a00000,0x0000000ed3b00000)]
  0x0000017340fa9ab0 JavaThread "Monitor Deflation Thread" daemon [_thread_blocked, id=21784, stack(0x0000000ed3b00000,0x0000000ed3c00000)]
  0x0000017340fac2c0 JavaThread "C2 CompilerThread0" daemon [_thread_blocked, id=19120, stack(0x0000000ed3c00000,0x0000000ed3d00000)]
  0x0000017340fb47e0 JavaThread "C1 CompilerThread0" daemon [_thread_blocked, id=6340, stack(0x0000000ed3d00000,0x0000000ed3e00000)]
  0x0000017340fcf0f0 JavaThread "Sweeper thread" daemon [_thread_blocked, id=22252, stack(0x0000000ed3e00000,0x0000000ed3f00000)]
  0x0000017340f6cda0 JavaThread "Common-Cleaner" daemon [_thread_blocked, id=20524, stack(0x0000000ed3f00000,0x0000000ed4000000)]
=>0x000001734115d4d0 JavaThread "JDWP Transport Listener: dt_socket" daemon [_thread_in_vm, id=18892, stack(0x0000000ed4000000,0x0000000ed4100000)]
  0x00000173411adf30 JavaThread "JDWP Event Helper Thread" daemon [_thread_blocked, id=22620, stack(0x0000000ed4100000,0x0000000ed4200000)]
  0x00000173411aec30 JavaThread "JDWP Command Reader" daemon [_thread_in_native, id=20392, stack(0x0000000ed4200000,0x0000000ed4300000)]
  0x0000017342402ad0 JavaThread "Notification Thread" daemon [_thread_blocked, id=16936, stack(0x0000000ed4300000,0x0000000ed4400000)]
  0x00000173433b4050 JavaThread "Catalina-utility-1" [_thread_blocked, id=10752, stack(0x0000000ed4f00000,0x0000000ed5000000)]
  0x00000173483ca020 JavaThread "Catalina-utility-2" [_thread_blocked, id=22784, stack(0x0000000ed5000000,0x0000000ed5100000)]
  0x0000017347f1a700 JavaThread "container-0" [_thread_blocked, id=12684, stack(0x0000000ed5100000,0x0000000ed5200000)]
  0x00000173466b5c80 JavaThread "HikariPool-1 housekeeper" daemon [_thread_blocked, id=20332, stack(0x0000000ed5300000,0x0000000ed5400000)]
  0x0000017347d1b470 JavaThread "pool-1-thread-1" [_thread_blocked, id=22584, stack(0x0000000ed4500000,0x0000000ed4600000)]
  0x0000017347d20fe0 JavaThread "http-nio-8088-exec-1" daemon [_thread_blocked, id=8868, stack(0x0000000ed5500000,0x0000000ed5600000)]
  0x0000017347d1ee30 JavaThread "http-nio-8088-exec-2" daemon [_thread_blocked, id=10780, stack(0x0000000ed5600000,0x0000000ed5700000)]
  0x0000017347d1cc80 JavaThread "http-nio-8088-exec-3" daemon [_thread_blocked, id=16592, stack(0x0000000ed5700000,0x0000000ed5800000)]
  0x0000017347d1fca0 JavaThread "http-nio-8088-exec-4" daemon [_thread_blocked, id=19988, stack(0x0000000ed5800000,0x0000000ed5900000)]
  0x0000017347d1b940 JavaThread "http-nio-8088-exec-5" daemon [_thread_blocked, id=14024, stack(0x0000000ed5900000,0x0000000ed5a00000)]
  0x0000017347d1f300 JavaThread "http-nio-8088-exec-6" daemon [_thread_blocked, id=22840, stack(0x0000000ed5a00000,0x0000000ed5b00000)]
  0x0000017347d1a130 JavaThread "http-nio-8088-exec-7" daemon [_thread_blocked, id=21496, stack(0x0000000ed5b00000,0x0000000ed5c00000)]
  0x0000017347d1d150 JavaThread "http-nio-8088-exec-8" daemon [_thread_blocked, id=21864, stack(0x0000000ed5c00000,0x0000000ed5d00000)]
  0x0000017347d1be10 JavaThread "http-nio-8088-exec-9" daemon [_thread_blocked, id=16992, stack(0x0000000ed5d00000,0x0000000ed5e00000)]
  0x0000017347d1dfc0 JavaThread "http-nio-8088-exec-10" daemon [_thread_blocked, id=22196, stack(0x0000000ed5e00000,0x0000000ed5f00000)]
  0x0000017347d1f7d0 JavaThread "http-nio-8088-Poller" daemon [_thread_in_native, id=21820, stack(0x0000000ed5f00000,0x0000000ed6000000)]
  0x0000017347d1c2e0 JavaThread "http-nio-8088-Acceptor" daemon [_thread_in_native, id=13240, stack(0x0000000ed6000000,0x0000000ed6100000)]
  0x0000017347d20b10 JavaThread "DestroyJavaVM" [_thread_blocked, id=19628, stack(0x0000000ed2f00000,0x0000000ed3000000)]

Other Threads:
  0x0000017340f7e0e0 VMThread "VM Thread" [stack: 0x0000000ed3500000,0x0000000ed3600000] [id=10900]
  0x000001731b712b80 WatcherThread [stack: 0x0000000ed4400000,0x0000000ed4500000] [id=21624]
  0x000001731e25d7b0 GCTaskThread "GC Thread#0" [stack: 0x0000000ed3000000,0x0000000ed3100000] [id=22440]
  0x00000173427980c0 GCTaskThread "GC Thread#1" [stack: 0x0000000ed4700000,0x0000000ed4800000] [id=16784]
  0x00000173426b5380 GCTaskThread "GC Thread#2" [stack: 0x0000000ed4800000,0x0000000ed4900000] [id=22552]
  0x0000017342fce1b0 GCTaskThread "GC Thread#3" [stack: 0x0000000ed4900000,0x0000000ed4a00000] [id=18396]
  0x0000017342fce460 GCTaskThread "GC Thread#4" [stack: 0x0000000ed4a00000,0x0000000ed4b00000] [id=19568]
  0x000001734263a3e0 GCTaskThread "GC Thread#5" [stack: 0x0000000ed4b00000,0x0000000ed4c00000] [id=21424]
  0x0000017342f5dac0 GCTaskThread "GC Thread#6" [stack: 0x0000000ed4c00000,0x0000000ed4d00000] [id=17896]
  0x0000017342657c60 GCTaskThread "GC Thread#7" [stack: 0x0000000ed4d00000,0x0000000ed4e00000] [id=18720]
  0x000001731e26dea0 ConcurrentGCThread "G1 Main Marker" [stack: 0x0000000ed3100000,0x0000000ed3200000] [id=3136]
  0x000001731e26e880 ConcurrentGCThread "G1 Conc#0" [stack: 0x0000000ed3200000,0x0000000ed3300000] [id=23380]
  0x0000017346c84990 ConcurrentGCThread "G1 Conc#1" [stack: 0x0000000ed4e00000,0x0000000ed4f00000] [id=23308]
  0x000001731e34b610 ConcurrentGCThread "G1 Refine#0" [stack: 0x0000000ed3300000,0x0000000ed3400000] [id=12112]
  0x000001731e34b8f0 ConcurrentGCThread "G1 Service" [stack: 0x0000000ed3400000,0x0000000ed3500000] [id=18832]

Threads with active compile tasks:

VM state: not at safepoint (normal execution)

VM Mutex/Monitor currently owned by a thread: None

Heap address: 0x0000000705000000, size: 4016 MB, Compressed Oops mode: Zero based, Oop shift amount: 3

CDS archive(s) mapped at: [0x0000000800000000-0x0000000800bc0000-0x0000000800bc0000), size 12320768, SharedBaseAddress: 0x0000000800000000, ArchiveRelocationMode: 0.
Compressed class space mapped at: 0x0000000800c00000-0x0000000840c00000, reserved size: 1073741824
Narrow klass base: 0x0000000800000000, Narrow klass shift: 0, Narrow klass range: 0x100000000

GC Precious Log:
 CPUs: 8 total, 8 available
 Memory: 16057M
 Large Page Support: Disabled
 NUMA Support: Disabled
 Compressed Oops: Enabled (Zero based)
 Heap Region Size: 2M
 Heap Min Capacity: 8M
 Heap Initial Capacity: 252M
 Heap Max Capacity: 4016M
 Pre-touch: Disabled
 Parallel Workers: 8
 Concurrent Workers: 2
 Concurrent Refinement Workers: 8
 Periodic GC: Disabled

Heap:
 garbage-first heap   total 145408K, used 54417K [0x0000000705000000, 0x0000000800000000)
  region size 2048K, 8 young (16384K), 2 survivors (4096K)
 Metaspace       used 68869K, committed 69376K, reserved 1114112K
  class space    used 8968K, committed 9216K, reserved 1048576K

Heap Regions: E=young(eden), S=young(survivor), O=old, HS=humongous(starts), HC=humongous(continues), CS=collection set, F=free, OA=open archive, CA=closed archive, TAMS=top-at-mark-start (previous, next)
|   0|0x0000000705000000, 0x0000000705200000, 0x0000000705200000|100%| O|  |TAMS 0x0000000705200000, 0x0000000705000000| Untracked 
|   1|0x0000000705200000, 0x0000000705400000, 0x0000000705400000|100%| O|  |TAMS 0x0000000705400000, 0x0000000705200000| Untracked 
|   2|0x0000000705400000, 0x0000000705600000, 0x0000000705600000|100%| O|  |TAMS 0x0000000705600000, 0x0000000705400000| Untracked 
|   3|0x0000000705600000, 0x0000000705800000, 0x0000000705800000|100%| O|  |TAMS 0x0000000705800000, 0x0000000705600000| Untracked 
|   4|0x0000000705800000, 0x0000000705a00000, 0x0000000705a00000|100%| O|  |TAMS 0x0000000705a00000, 0x0000000705800000| Untracked 
|   5|0x0000000705a00000, 0x0000000705c00000, 0x0000000705c00000|100%| O|  |TAMS 0x0000000705c00000, 0x0000000705a00000| Untracked 
|   6|0x0000000705c00000, 0x0000000705e00000, 0x0000000705e00000|100%| O|  |TAMS 0x0000000705e00000, 0x0000000705c00000| Untracked 
|   7|0x0000000705e00000, 0x0000000706000000, 0x0000000706000000|100%| O|  |TAMS 0x0000000706000000, 0x0000000705e00000| Untracked 
|   8|0x0000000706000000, 0x0000000706200000, 0x0000000706200000|100%| O|  |TAMS 0x0000000706152e00, 0x0000000706000000| Untracked 
|   9|0x0000000706200000, 0x0000000706400000, 0x0000000706400000|100%| O|  |TAMS 0x0000000706400000, 0x0000000706200000| Untracked 
|  10|0x0000000706400000, 0x0000000706600000, 0x0000000706600000|100%| O|  |TAMS 0x0000000706600000, 0x0000000706400000| Untracked 
|  11|0x0000000706600000, 0x0000000706727800, 0x0000000706800000| 57%| O|  |TAMS 0x0000000706600000, 0x0000000706600000| Untracked 
|  12|0x0000000706800000, 0x0000000706a00000, 0x0000000706a00000|100%| O|  |TAMS 0x0000000706800000, 0x0000000706800000| Untracked 
|  13|0x0000000706a00000, 0x0000000706c00000, 0x0000000706c00000|100%| O|  |TAMS 0x0000000706c00000, 0x0000000706a00000| Untracked 
|  14|0x0000000706c00000, 0x0000000706e00000, 0x0000000706e00000|100%| O|  |TAMS 0x0000000706e00000, 0x0000000706c00000| Untracked 
|  15|0x0000000706e00000, 0x0000000707000000, 0x0000000707000000|100%| O|  |TAMS 0x0000000706e00000, 0x0000000706e00000| Untracked 
|  16|0x0000000707000000, 0x0000000707200000, 0x0000000707200000|100%| O|  |TAMS 0x0000000707000000, 0x0000000707000000| Untracked 
|  17|0x0000000707200000, 0x0000000707400000, 0x0000000707400000|100%| O|  |TAMS 0x0000000707200000, 0x0000000707200000| Untracked 
|  18|0x0000000707400000, 0x0000000707600000, 0x0000000707600000|100%| O|  |TAMS 0x0000000707400000, 0x0000000707400000| Untracked 
|  19|0x0000000707600000, 0x0000000707800000, 0x0000000707800000|100%| O|  |TAMS 0x0000000707600000, 0x0000000707600000| Untracked 
|  20|0x0000000707800000, 0x0000000707800000, 0x0000000707a00000|  0%| F|  |TAMS 0x0000000707800000, 0x0000000707800000| Untracked 
|  21|0x0000000707a00000, 0x0000000707a00000, 0x0000000707c00000|  0%| F|  |TAMS 0x0000000707a00000, 0x0000000707a00000| Untracked 
|  22|0x0000000707c00000, 0x0000000707c00000, 0x0000000707e00000|  0%| F|  |TAMS 0x0000000707c00000, 0x0000000707c00000| Untracked 
|  23|0x0000000707e00000, 0x0000000707e00000, 0x0000000708000000|  0%| F|  |TAMS 0x0000000707e00000, 0x0000000707e00000| Untracked 
|  24|0x0000000708000000, 0x0000000708000000, 0x0000000708200000|  0%| F|  |TAMS 0x0000000708000000, 0x0000000708000000| Untracked 
|  25|0x0000000708200000, 0x0000000708200000, 0x0000000708400000|  0%| F|  |TAMS 0x0000000708200000, 0x0000000708200000| Untracked 
|  26|0x0000000708400000, 0x0000000708400000, 0x0000000708600000|  0%| F|  |TAMS 0x0000000708400000, 0x0000000708400000| Untracked 
|  27|0x0000000708600000, 0x0000000708600000, 0x0000000708800000|  0%| F|  |TAMS 0x0000000708600000, 0x0000000708600000| Untracked 
|  28|0x0000000708800000, 0x0000000708800000, 0x0000000708a00000|  0%| F|  |TAMS 0x0000000708800000, 0x0000000708800000| Untracked 
|  29|0x0000000708a00000, 0x0000000708a00000, 0x0000000708c00000|  0%| F|  |TAMS 0x0000000708a00000, 0x0000000708a00000| Untracked 
|  30|0x0000000708c00000, 0x0000000708c00000, 0x0000000708e00000|  0%| F|  |TAMS 0x0000000708c00000, 0x0000000708c00000| Untracked 
|  31|0x0000000708e00000, 0x0000000708e00000, 0x0000000709000000|  0%| F|  |TAMS 0x0000000708e00000, 0x0000000708e00000| Untracked 
|  32|0x0000000709000000, 0x00000007091fcce0, 0x0000000709200000| 99%| S|CS|TAMS 0x0000000709000000, 0x0000000709000000| Complete 
|  33|0x0000000709200000, 0x0000000709400000, 0x0000000709400000|100%| S|CS|TAMS 0x0000000709200000, 0x0000000709200000| Complete 
|  34|0x0000000709400000, 0x0000000709400000, 0x0000000709600000|  0%| F|  |TAMS 0x0000000709400000, 0x0000000709400000| Untracked 
|  35|0x0000000709600000, 0x0000000709600000, 0x0000000709800000|  0%| F|  |TAMS 0x0000000709600000, 0x0000000709600000| Untracked 
|  36|0x0000000709800000, 0x0000000709800000, 0x0000000709a00000|  0%| F|  |TAMS 0x0000000709800000, 0x0000000709800000| Untracked 
|  37|0x0000000709a00000, 0x0000000709a00000, 0x0000000709c00000|  0%| F|  |TAMS 0x0000000709a00000, 0x0000000709a00000| Untracked 
|  38|0x0000000709c00000, 0x0000000709c00000, 0x0000000709e00000|  0%| F|  |TAMS 0x0000000709c00000, 0x0000000709c00000| Untracked 
|  39|0x0000000709e00000, 0x0000000709e00000, 0x000000070a000000|  0%| F|  |TAMS 0x0000000709e00000, 0x0000000709e00000| Untracked 
|  40|0x000000070a000000, 0x000000070a000000, 0x000000070a200000|  0%| F|  |TAMS 0x000000070a000000, 0x000000070a000000| Untracked 
|  41|0x000000070a200000, 0x000000070a200000, 0x000000070a400000|  0%| F|  |TAMS 0x000000070a200000, 0x000000070a200000| Untracked 
|  42|0x000000070a400000, 0x000000070a400000, 0x000000070a600000|  0%| F|  |TAMS 0x000000070a400000, 0x000000070a400000| Untracked 
|  43|0x000000070a600000, 0x000000070a600000, 0x000000070a800000|  0%| F|  |TAMS 0x000000070a600000, 0x000000070a600000| Untracked 
|  44|0x000000070a800000, 0x000000070a800000, 0x000000070aa00000|  0%| F|  |TAMS 0x000000070a800000, 0x000000070a800000| Untracked 
|  45|0x000000070aa00000, 0x000000070aa00000, 0x000000070ac00000|  0%| F|  |TAMS 0x000000070aa00000, 0x000000070aa00000| Untracked 
|  46|0x000000070ac00000, 0x000000070ac00000, 0x000000070ae00000|  0%| F|  |TAMS 0x000000070ac00000, 0x000000070ac00000| Untracked 
|  47|0x000000070ae00000, 0x000000070ae00000, 0x000000070b000000|  0%| F|  |TAMS 0x000000070ae00000, 0x000000070ae00000| Untracked 
|  48|0x000000070b000000, 0x000000070b000000, 0x000000070b200000|  0%| F|  |TAMS 0x000000070b000000, 0x000000070b000000| Untracked 
|  49|0x000000070b200000, 0x000000070b200000, 0x000000070b400000|  0%| F|  |TAMS 0x000000070b200000, 0x000000070b200000| Untracked 
|  50|0x000000070b400000, 0x000000070b400000, 0x000000070b600000|  0%| F|  |TAMS 0x000000070b400000, 0x000000070b400000| Untracked 
|  51|0x000000070b600000, 0x000000070b600000, 0x000000070b800000|  0%| F|  |TAMS 0x000000070b600000, 0x000000070b600000| Untracked 
|  52|0x000000070b800000, 0x000000070b800000, 0x000000070ba00000|  0%| F|  |TAMS 0x000000070b800000, 0x000000070b800000| Untracked 
|  53|0x000000070ba00000, 0x000000070ba00000, 0x000000070bc00000|  0%| F|  |TAMS 0x000000070ba00000, 0x000000070ba00000| Untracked 
|  54|0x000000070bc00000, 0x000000070bc00000, 0x000000070be00000|  0%| F|  |TAMS 0x000000070bc00000, 0x000000070bc00000| Untracked 
|  55|0x000000070be00000, 0x000000070be00000, 0x000000070c000000|  0%| F|  |TAMS 0x000000070be00000, 0x000000070be00000| Untracked 
|  56|0x000000070c000000, 0x000000070c000000, 0x000000070c200000|  0%| F|  |TAMS 0x000000070c000000, 0x000000070c000000| Untracked 
|  57|0x000000070c200000, 0x000000070c200000, 0x000000070c400000|  0%| F|  |TAMS 0x000000070c200000, 0x000000070c200000| Untracked 
|  58|0x000000070c400000, 0x000000070c400000, 0x000000070c600000|  0%| F|  |TAMS 0x000000070c400000, 0x000000070c400000| Untracked 
|  59|0x000000070c600000, 0x000000070c600000, 0x000000070c800000|  0%| F|  |TAMS 0x000000070c600000, 0x000000070c600000| Untracked 
|  60|0x000000070c800000, 0x000000070c800000, 0x000000070ca00000|  0%| F|  |TAMS 0x000000070c800000, 0x000000070c800000| Untracked 
|  61|0x000000070ca00000, 0x000000070ca00000, 0x000000070cc00000|  0%| F|  |TAMS 0x000000070ca00000, 0x000000070ca00000| Untracked 
|  62|0x000000070cc00000, 0x000000070cc00000, 0x000000070ce00000|  0%| F|  |TAMS 0x000000070cc00000, 0x000000070cc00000| Untracked 
|  63|0x000000070ce00000, 0x000000070ce00000, 0x000000070d000000|  0%| F|  |TAMS 0x000000070ce00000, 0x000000070ce00000| Untracked 
|  64|0x000000070d000000, 0x000000070d000000, 0x000000070d200000|  0%| F|  |TAMS 0x000000070d000000, 0x000000070d000000| Untracked 
|  65|0x000000070d200000, 0x000000070d3fc790, 0x000000070d400000| 99%| E|  |TAMS 0x000000070d200000, 0x000000070d200000| Complete 
|  66|0x000000070d400000, 0x000000070d600000, 0x000000070d600000|100%| E|CS|TAMS 0x000000070d400000, 0x000000070d400000| Complete 
|  68|0x000000070d800000, 0x000000070da00000, 0x000000070da00000|100%| E|CS|TAMS 0x000000070d800000, 0x000000070d800000| Complete 
|  69|0x000000070da00000, 0x000000070dc00000, 0x000000070dc00000|100%| E|CS|TAMS 0x000000070da00000, 0x000000070da00000| Complete 
|  70|0x000000070dc00000, 0x000000070de00000, 0x000000070de00000|100%| E|CS|TAMS 0x000000070dc00000, 0x000000070dc00000| Complete 
| 125|0x0000000714a00000, 0x0000000714c00000, 0x0000000714c00000|100%| E|CS|TAMS 0x0000000714a00000, 0x0000000714a00000| Complete 

Card table byte_map: [0x00000173358b0000,0x0000017336090000] _byte_map_base: 0x0000017332088000

Marking Bits (Prev, Next): (CMBitMap*) 0x000001731e25dab0, (CMBitMap*) 0x000001731e25da70
 Prev Bits: [0x000001733a730000, 0x000001733e5f0000)
 Next Bits: [0x0000017336870000, 0x000001733a730000)

Polling page: 0x000001731d7b0000

Metaspace:

Usage:
  Non-class:     58.50 MB used.
      Class:      8.76 MB used.
       Both:     67.26 MB used.

Virtual space:
  Non-class space:       64.00 MB reserved,      58.75 MB ( 92%) committed,  8 nodes.
      Class space:        1.00 GB reserved,       9.00 MB ( <1%) committed,  1 nodes.
             Both:        1.06 GB reserved,      67.75 MB (  6%) committed. 

Chunk freelists:
   Non-Class:  416.00 KB
       Class:  2.86 MB
        Both:  3.27 MB

MaxMetaspaceSize: unlimited
CompressedClassSpaceSize: 1.00 GB
Initial GC threshold: 21.00 MB
Current GC threshold: 98.56 MB
CDS: on
MetaspaceReclaimPolicy: balanced
 - commit_granule_bytes: 65536.
 - commit_granule_words: 8192.
 - virtual_space_node_default_size: 1048576.
 - enlarge_chunks_in_place: 1.
 - new_chunks_are_fully_committed: 0.
 - uncommit_free_chunks: 1.
 - use_allocation_guard: 0.
 - handle_deallocations: 1.


Internal statistics:

num_allocs_failed_limit: 9.
num_arena_births: 622.
num_arena_deaths: 0.
num_vsnodes_births: 9.
num_vsnodes_deaths: 0.
num_space_committed: 1084.
num_space_uncommitted: 0.
num_chunks_returned_to_freelist: 9.
num_chunks_taken_from_freelist: 3207.
num_chunk_merges: 9.
num_chunk_splits: 2244.
num_chunks_enlarged: 1737.
num_purges: 0.
num_inconsistent_stats: 0.

CodeHeap 'non-profiled nmethods': size=120000Kb used=7364Kb max_used=7364Kb free=112635Kb
 bounds [0x000001732d860000, 0x000001732dfa0000, 0x0000017334d90000]
CodeHeap 'profiled nmethods': size=120000Kb used=16568Kb max_used=16568Kb free=103431Kb
 bounds [0x0000017326330000, 0x0000017327360000, 0x000001732d860000]
CodeHeap 'non-nmethods': size=5760Kb used=1403Kb max_used=1507Kb free=4356Kb
 bounds [0x0000017325d90000, 0x0000017326000000, 0x0000017326330000]
 total_blobs=8820 nmethods=8177 adapters=554
 compilation: enabled
              stopped_count=0, restarted_count=0
 full_count=0

Compilation events (20 events):
Event: 143.939 Thread 0x0000017340fb47e0 9448       1       org.apache.tomcat.util.net.SocketProperties::getTimeoutInterval (5 bytes)
Event: 143.939 Thread 0x0000017340fb47e0 nmethod 9448 0x000001732df90390 code [0x000001732df90520, 0x000001732df905f8]
Event: 146.941 Thread 0x0000017340fb47e0 9449       3       org.apache.juli.logging.DirectJDKLog::isTraceEnabled (11 bytes)
Event: 146.941 Thread 0x0000017340fb47e0 nmethod 9449 0x000001732735cb10 code [0x000001732735ccc0, 0x000001732735cf78]
Event: 148.942 Thread 0x0000017340fb47e0 9450       1       java.nio.channels.SelectionKey::attachment (5 bytes)
Event: 148.942 Thread 0x0000017340fb47e0 nmethod 9450 0x000001732df90690 code [0x000001732df90820, 0x000001732df908f8]
Event: 153.433 Thread 0x0000017340fb47e0 9451       1       org.apache.catalina.valves.ValveBase::getNext (5 bytes)
Event: 153.433 Thread 0x0000017340fb47e0 nmethod 9451 0x000001732df90990 code [0x000001732df90b20, 0x000001732df90bf8]
Event: 154.036 Thread 0x0000017340fb47e0 9452       3       java.util.concurrent.locks.AbstractQueuedSynchronizer$Node::setStatusRelaxed (12 bytes)
Event: 154.036 Thread 0x0000017340fb47e0 nmethod 9452 0x000001732735d110 code [0x000001732735d2a0, 0x000001732735d3b8]
Event: 163.434 Thread 0x0000017340fb47e0 9453       3       java.util.concurrent.locks.ReentrantReadWriteLock::readLock (5 bytes)
Event: 163.434 Thread 0x0000017340fb47e0 nmethod 9453 0x000001732735d490 code [0x000001732735d620, 0x000001732735d758]
Event: 166.035 Thread 0x0000017340fb47e0 9454       3       java.util.concurrent.locks.LockSupport::parkNanos (29 bytes)
Event: 166.036 Thread 0x0000017340fb47e0 nmethod 9454 0x000001732735d810 code [0x000001732735d9e0, 0x000001732735dbe8]
Event: 172.035 Thread 0x0000017340fac2c0 9455       4       java.lang.Thread::interrupted (23 bytes)
Event: 172.036 Thread 0x0000017340fac2c0 nmethod 9455 0x000001732df90c90 code [0x000001732df90e00, 0x000001732df90e78]
Event: 173.434 Thread 0x0000017340fb47e0 9456       3       java.util.concurrent.ScheduledThreadPoolExecutor$ScheduledFutureTask::isPeriodic (15 bytes)
Event: 173.434 Thread 0x0000017340fb47e0 nmethod 9456 0x000001732735dd10 code [0x000001732735dea0, 0x000001732735e018]
Event: 177.035 Thread 0x0000017340fb47e0 9458       3       java.util.concurrent.locks.LockSupport::unpark (12 bytes)
Event: 177.036 Thread 0x0000017340fb47e0 nmethod 9458 0x000001732735e090 code [0x000001732735e240, 0x000001732735e3a8]

GC Heap History (20 events):
Event: 13.292 GC heap before
{Heap before GC invocations=20 (full 0):
 garbage-first heap   total 81920K, used 65974K [0x0000000705000000, 0x0000000800000000)
  region size 2048K, 20 young (40960K), 3 survivors (6144K)
 Metaspace       used 59551K, committed 59968K, reserved 1105920K
  class space    used 7665K, committed 7872K, reserved 1048576K
}
Event: 13.297 GC heap after
{Heap after GC invocations=21 (full 0):
 garbage-first heap   total 98304K, used 33847K [0x0000000705000000, 0x0000000800000000)
  region size 2048K, 3 young (6144K), 3 survivors (6144K)
 Metaspace       used 59551K, committed 59968K, reserved 1105920K
  class space    used 7665K, committed 7872K, reserved 1048576K
}
Event: 13.406 GC heap before
{Heap before GC invocations=21 (full 0):
 garbage-first heap   total 98304K, used 44087K [0x0000000705000000, 0x0000000800000000)
  region size 2048K, 9 young (18432K), 3 survivors (6144K)
 Metaspace       used 59901K, committed 60288K, reserved 1105920K
  class space    used 7714K, committed 7936K, reserved 1048576K
}
Event: 13.410 GC heap after
{Heap after GC invocations=22 (full 0):
 garbage-first heap   total 98304K, used 34726K [0x0000000705000000, 0x0000000800000000)
  region size 2048K, 2 young (4096K), 2 survivors (4096K)
 Metaspace       used 59901K, committed 60288K, reserved 1105920K
  class space    used 7714K, committed 7936K, reserved 1048576K
}
Event: 13.773 GC heap before
{Heap before GC invocations=23 (full 0):
 garbage-first heap   total 98304K, used 75686K [0x0000000705000000, 0x0000000800000000)
  region size 2048K, 22 young (45056K), 2 survivors (4096K)
 Metaspace       used 61626K, committed 62016K, reserved 1105920K
  class space    used 8002K, committed 8192K, reserved 1048576K
}
Event: 13.776 GC heap after
{Heap after GC invocations=24 (full 0):
 garbage-first heap   total 98304K, used 37898K [0x0000000705000000, 0x0000000800000000)
  region size 2048K, 2 young (4096K), 2 survivors (4096K)
 Metaspace       used 61626K, committed 62016K, reserved 1105920K
  class space    used 8002K, committed 8192K, reserved 1048576K
}
Event: 13.803 GC heap before
{Heap before GC invocations=24 (full 0):
 garbage-first heap   total 98304K, used 39946K [0x0000000705000000, 0x0000000800000000)
  region size 2048K, 3 young (6144K), 2 survivors (4096K)
 Metaspace       used 61670K, committed 62144K, reserved 1105920K
  class space    used 8007K, committed 8256K, reserved 1048576K
}
Event: 13.807 GC heap after
{Heap after GC invocations=25 (full 0):
 garbage-first heap   total 98304K, used 38057K [0x0000000705000000, 0x0000000800000000)
  region size 2048K, 1 young (2048K), 1 survivors (2048K)
 Metaspace       used 61670K, committed 62144K, reserved 1105920K
  class space    used 8007K, committed 8256K, reserved 1048576K
}
Event: 14.140 GC heap before
{Heap before GC invocations=25 (full 0):
 garbage-first heap   total 98304K, used 76969K [0x0000000705000000, 0x0000000800000000)
  region size 2048K, 20 young (40960K), 1 survivors (2048K)
 Metaspace       used 63552K, committed 64064K, reserved 1105920K
  class space    used 8304K, committed 8576K, reserved 1048576K
}
Event: 14.143 GC heap after
{Heap after GC invocations=26 (full 0):
 garbage-first heap   total 98304K, used 40321K [0x0000000705000000, 0x0000000800000000)
  region size 2048K, 2 young (4096K), 2 survivors (4096K)
 Metaspace       used 63552K, committed 64064K, reserved 1105920K
  class space    used 8304K, committed 8576K, reserved 1048576K
}
Event: 14.414 GC heap before
{Heap before GC invocations=26 (full 0):
 garbage-first heap   total 98304K, used 77185K [0x0000000705000000, 0x0000000800000000)
  region size 2048K, 20 young (40960K), 2 survivors (4096K)
 Metaspace       used 65196K, committed 65728K, reserved 1105920K
  class space    used 8588K, committed 8832K, reserved 1048576K
}
Event: 14.417 GC heap after
{Heap after GC invocations=27 (full 0):
 garbage-first heap   total 98304K, used 41342K [0x0000000705000000, 0x0000000800000000)
  region size 2048K, 2 young (4096K), 2 survivors (4096K)
 Metaspace       used 65196K, committed 65728K, reserved 1105920K
  class space    used 8588K, committed 8832K, reserved 1048576K
}
Event: 14.592 GC heap before
{Heap before GC invocations=27 (full 0):
 garbage-first heap   total 98304K, used 78206K [0x0000000705000000, 0x0000000800000000)
  region size 2048K, 20 young (40960K), 2 survivors (4096K)
 Metaspace       used 65499K, committed 65984K, reserved 1105920K
  class space    used 8613K, committed 8832K, reserved 1048576K
}
Event: 14.594 GC heap after
{Heap after GC invocations=28 (full 0):
 garbage-first heap   total 98304K, used 41915K [0x0000000705000000, 0x0000000800000000)
  region size 2048K, 1 young (2048K), 1 survivors (2048K)
 Metaspace       used 65499K, committed 65984K, reserved 1105920K
  class space    used 8613K, committed 8832K, reserved 1048576K
}
Event: 14.721 GC heap before
{Heap before GC invocations=28 (full 0):
 garbage-first heap   total 98304K, used 80827K [0x0000000705000000, 0x0000000800000000)
  region size 2048K, 20 young (40960K), 1 survivors (2048K)
 Metaspace       used 65655K, committed 66112K, reserved 1114112K
  class space    used 8614K, committed 8832K, reserved 1048576K
}
Event: 14.723 GC heap after
{Heap after GC invocations=29 (full 0):
 garbage-first heap   total 98304K, used 42291K [0x0000000705000000, 0x0000000800000000)
  region size 2048K, 2 young (4096K), 2 survivors (4096K)
 Metaspace       used 65655K, committed 66112K, reserved 1114112K
  class space    used 8614K, committed 8832K, reserved 1048576K
}
Event: 14.842 GC heap before
{Heap before GC invocations=29 (full 0):
 garbage-first heap   total 98304K, used 79155K [0x0000000705000000, 0x0000000800000000)
  region size 2048K, 20 young (40960K), 2 survivors (4096K)
 Metaspace       used 65744K, committed 66176K, reserved 1114112K
  class space    used 8614K, committed 8832K, reserved 1048576K
}
Event: 14.844 GC heap after
{Heap after GC invocations=30 (full 0):
 garbage-first heap   total 145408K, used 42743K [0x0000000705000000, 0x0000000800000000)
  region size 2048K, 2 young (4096K), 2 survivors (4096K)
 Metaspace       used 65744K, committed 66176K, reserved 1114112K
  class space    used 8614K, committed 8832K, reserved 1048576K
}
Event: 22.932 GC heap before
{Heap before GC invocations=30 (full 0):
 garbage-first heap   total 145408K, used 118519K [0x0000000705000000, 0x0000000800000000)
  region size 2048K, 39 young (79872K), 2 survivors (4096K)
 Metaspace       used 68022K, committed 68480K, reserved 1114112K
  class space    used 8863K, committed 9088K, reserved 1048576K
}
Event: 22.935 GC heap after
{Heap after GC invocations=31 (full 0):
 garbage-first heap   total 145408K, used 44177K [0x0000000705000000, 0x0000000800000000)
  region size 2048K, 2 young (4096K), 2 survivors (4096K)
 Metaspace       used 68022K, committed 68480K, reserved 1114112K
  class space    used 8863K, committed 9088K, reserved 1048576K
}

Deoptimization events (20 events):
Event: 22.981 Thread 0x0000017347d20fe0 Uncommon trap: trap_request=0xffffffde fr.pc=0x000001732de2bfb0 relative=0x0000000000001050
Event: 22.981 Thread 0x0000017347d20fe0 Uncommon trap: reason=class_check action=maybe_recompile pc=0x000001732de2bfb0 method=org.springframework.core.MethodParameter.getGenericParameterType()Ljava/lang/reflect/Type; @ 17 c2
Event: 22.981 Thread 0x0000017347d20fe0 DEOPT PACKING pc=0x000001732de2bfb0 sp=0x0000000ed55fd510
Event: 22.981 Thread 0x0000017347d20fe0 DEOPT UNPACKING pc=0x0000017325de5c23 sp=0x0000000ed55fd528 mode 2
Event: 22.988 Thread 0x0000017347d20fe0 Uncommon trap: trap_request=0xffffff97 fr.pc=0x000001732dbee78c relative=0x000000000000014c
Event: 22.988 Thread 0x0000017347d20fe0 Uncommon trap: reason=unhandled action=none pc=0x000001732dbee78c method=jdk.internal.loader.BuiltinClassLoader.loadClass(Ljava/lang/String;Z)Ljava/lang/Class; @ 19 c2
Event: 22.988 Thread 0x0000017347d20fe0 DEOPT PACKING pc=0x000001732dbee78c sp=0x0000000ed55fc3d0
Event: 22.988 Thread 0x0000017347d20fe0 DEOPT UNPACKING pc=0x0000017325de5c23 sp=0x0000000ed55fc298 mode 2
Event: 22.988 Thread 0x0000017347d20fe0 Uncommon trap: trap_request=0xffffff97 fr.pc=0x000001732dbee78c relative=0x000000000000014c
Event: 22.988 Thread 0x0000017347d20fe0 Uncommon trap: reason=unhandled action=none pc=0x000001732dbee78c method=jdk.internal.loader.BuiltinClassLoader.loadClass(Ljava/lang/String;Z)Ljava/lang/Class; @ 19 c2
Event: 22.988 Thread 0x0000017347d20fe0 DEOPT PACKING pc=0x000001732dbee78c sp=0x0000000ed55fc490
Event: 22.988 Thread 0x0000017347d20fe0 DEOPT UNPACKING pc=0x0000017325de5c23 sp=0x0000000ed55fc358 mode 2
Event: 22.988 Thread 0x0000017347d20fe0 Uncommon trap: trap_request=0xffffff97 fr.pc=0x000001732dbee78c relative=0x000000000000014c
Event: 22.988 Thread 0x0000017347d20fe0 Uncommon trap: reason=unhandled action=none pc=0x000001732dbee78c method=jdk.internal.loader.BuiltinClassLoader.loadClass(Ljava/lang/String;Z)Ljava/lang/Class; @ 19 c2
Event: 22.988 Thread 0x0000017347d20fe0 DEOPT PACKING pc=0x000001732dbee78c sp=0x0000000ed55fc560
Event: 22.988 Thread 0x0000017347d20fe0 DEOPT UNPACKING pc=0x0000017325de5c23 sp=0x0000000ed55fc428 mode 2
Event: 26.896 Thread 0x0000017347d1ee30 Uncommon trap: trap_request=0xffffffde fr.pc=0x000001732dddebf0 relative=0x0000000000000e70
Event: 26.896 Thread 0x0000017347d1ee30 Uncommon trap: reason=class_check action=maybe_recompile pc=0x000001732dddebf0 method=org.springframework.transaction.interceptor.AbstractFallbackTransactionAttributeSource.getTransactionAttribute(Ljava/lang/reflect/Method;Ljava/lang/Class;)Lorg/springfra
Event: 26.896 Thread 0x0000017347d1ee30 DEOPT PACKING pc=0x000001732dddebf0 sp=0x0000000ed56fc840
Event: 26.896 Thread 0x0000017347d1ee30 DEOPT UNPACKING pc=0x0000017325de5c23 sp=0x0000000ed56fc7d0 mode 2

Classes unloaded (0 events):
No events

Classes redefined (1 events):
Event: 177.422 Thread 0x0000017340f7e0e0 redefined class name=com.mymes.equip.vplc.service.impl.ConnectionEntity, count=1

Internal exceptions (20 events):
Event: 14.128 Thread 0x000001731b79e8b0 Implicit null exception at 0x000001732dc1bc1c to 0x000001732dc1c7ec
Event: 14.197 Thread 0x000001731b79e8b0 Exception <a 'java/lang/NoSuchMethodError'{0x000000070a696428}: 'java.lang.Object java.lang.invoke.DirectMethodHandle$Holder.newInvokeSpecial(java.lang.Object, java.lang.Object, java.lang.Object, java.lang.Object, java.lang.Object, java.lang.Object, java.lang.Object)'> (0x000000070a696428) 
thrown [d:\a\1\s\lookaside\java-17-openjdk\src\hotspot\share\interpreter\linkResolver.cpp, line 766]
Event: 14.197 Thread 0x000001731b79e8b0 Exception <a 'java/lang/NoSuchMethodError'{0x000000070a69a900}: 'java.lang.Object java.lang.invoke.Invokers$Holder.linkToTargetMethod(java.lang.Object, java.lang.Object, java.lang.Object, java.lang.Object, java.lang.Object, java.lang.Object, java.lang.Object)'> (0x000000070a69a900) 
thrown [d:\a\1\s\lookaside\java-17-openjdk\src\hotspot\share\interpreter\linkResolver.cpp, line 766]
Event: 14.310 Thread 0x000001731b79e8b0 Implicit null exception at 0x000001732dafa56e to 0x000001732dafa620
Event: 14.354 Thread 0x000001731b79e8b0 Exception <a 'java/lang/NoSuchMethodError'{0x00000007092f74a8}: 'java.lang.Object java.lang.invoke.DirectMethodHandle$Holder.newInvokeSpecial(java.lang.Object, java.lang.Object, java.lang.Object, int)'> (0x00000007092f74a8) 
thrown [d:\a\1\s\lookaside\java-17-openjdk\src\hotspot\share\interpreter\linkResolver.cpp, line 766]
Event: 14.354 Thread 0x000001731b79e8b0 Exception <a 'java/lang/NoSuchMethodError'{0x00000007092fb790}: 'java.lang.Object java.lang.invoke.DirectMethodHandle$Holder.invokeSpecial(java.lang.Object, java.lang.Object, java.lang.Object, java.lang.Object, int)'> (0x00000007092fb790) 
thrown [d:\a\1\s\lookaside\java-17-openjdk\src\hotspot\share\interpreter\linkResolver.cpp, line 766]
Event: 14.354 Thread 0x000001731b79e8b0 Exception <a 'java/lang/NoSuchMethodError'{0x00000007092fee98}: 'java.lang.Object java.lang.invoke.Invokers$Holder.linkToTargetMethod(java.lang.Object, java.lang.Object, int, java.lang.Object)'> (0x00000007092fee98) 
thrown [d:\a\1\s\lookaside\java-17-openjdk\src\hotspot\share\interpreter\linkResolver.cpp, line 766]
Event: 14.355 Thread 0x000001731b79e8b0 Exception <a 'java/lang/NoSuchMethodError'{0x0000000709305e60}: 'java.lang.Object java.lang.invoke.DirectMethodHandle$Holder.newInvokeSpecial(java.lang.Object, java.lang.Object, int)'> (0x0000000709305e60) 
thrown [d:\a\1\s\lookaside\java-17-openjdk\src\hotspot\share\interpreter\linkResolver.cpp, line 766]
Event: 14.399 Thread 0x000001731b79e8b0 Implicit null exception at 0x000001732dd884af to 0x000001732dd888e8
Event: 14.399 Thread 0x000001731b79e8b0 Implicit null exception at 0x000001732dbdaae1 to 0x000001732dbdca28
Event: 14.399 Thread 0x000001731b79e8b0 Implicit null exception at 0x000001732dc8a67e to 0x000001732dc8ce38
Event: 14.406 Thread 0x000001731b79e8b0 Exception <a 'java/lang/NoSuchMethodError'{0x0000000708d099f0}: 'java.lang.Object java.lang.invoke.DirectMethodHandle$Holder.invokeStatic(java.lang.Object, int, java.lang.Object)'> (0x0000000708d099f0) 
thrown [d:\a\1\s\lookaside\java-17-openjdk\src\hotspot\share\interpreter\linkResolver.cpp, line 766]
Event: 14.986 Thread 0x000001731b79e8b0 Implicit null exception at 0x000001732de9ff35 to 0x000001732dea0040
Event: 15.011 Thread 0x000001731b79e8b0 Implicit null exception at 0x000001732dea3b17 to 0x000001732dea3c7c
Event: 15.021 Thread 0x000001731b79e8b0 Implicit null exception at 0x000001732dea5ce1 to 0x000001732dea5e04
Event: 22.958 Thread 0x0000017347d20fe0 Exception <a 'java/lang/NoSuchMethodError'{0x000000070dc4c9c0}: 'java.lang.Object java.lang.invoke.DirectMethodHandle$Holder.newInvokeSpecial(java.lang.Object, long)'> (0x000000070dc4c9c0) 
thrown [d:\a\1\s\lookaside\java-17-openjdk\src\hotspot\share\interpreter\linkResolver.cpp, line 766]
Event: 41.383 Thread 0x0000017347d1ee30 Exception <a 'java/lang/NoSuchMethodError'{0x000000070d56db80}: 'void java.lang.invoke.DirectMethodHandle$Holder.invokeSpecial(java.lang.Object, java.lang.Object, int, java.lang.Object)'> (0x000000070d56db80) 
thrown [d:\a\1\s\lookaside\java-17-openjdk\src\hotspot\share\interpreter\linkResolver.cpp, line 766]
Event: 41.559 Thread 0x0000017347d1ee30 Exception <a 'java/lang/ClassNotFoundException'{0x000000070d5d0168}: java/lang/ObjectCustomizer> (0x000000070d5d0168) 
thrown [d:\a\1\s\lookaside\java-17-openjdk\src\hotspot\share\classfile\systemDictionary.cpp, line 256]
Event: 41.600 Thread 0x0000017347d1ee30 Exception <a 'java/lang/ClassNotFoundException'{0x000000070d5e5220}: com/mymes/equip/vplc/persist/PersistentEntityCustomizer> (0x000000070d5e5220) 
thrown [d:\a\1\s\lookaside\java-17-openjdk\src\hotspot\share\classfile\systemDictionary.cpp, line 256]
Event: 41.654 Thread 0x0000017347d1ee30 Exception <a 'java/lang/ClassNotFoundException'{0x000000070d5ffaa0}: com/mymes/equip/vplc/service/impl/VirtualPlcHistoryEntityCustomizer> (0x000000070d5ffaa0) 
thrown [d:\a\1\s\lookaside\java-17-openjdk\src\hotspot\share\classfile\systemDictionary.cpp, line 256]

VM Operations (20 events):
Event: 177.389 Executing VM operation: ChangeSingleStep
Event: 177.389 Executing VM operation: ChangeSingleStep done
Event: 177.389 Executing VM operation: ChangeSingleStep
Event: 177.390 Executing VM operation: ChangeSingleStep done
Event: 177.411 Executing VM operation: RedefineClasses
Event: 177.443 Executing VM operation: RedefineClasses done
Event: 177.445 Executing VM operation: ChangeSingleStep
Event: 177.445 Executing VM operation: ChangeSingleStep done
Event: 177.446 Executing VM operation: get/set locals
Event: 177.446 Executing VM operation: get/set locals done
Event: 177.449 Executing VM operation: ChangeSingleStep
Event: 177.449 Executing VM operation: ChangeSingleStep done
Event: 177.454 Executing VM operation: GetObjectMonitorUsage
Event: 177.454 Executing VM operation: GetObjectMonitorUsage done
Event: 177.454 Executing VM operation: GetObjectMonitorUsage
Event: 177.455 Executing VM operation: GetObjectMonitorUsage done
Event: 177.461 Executing VM operation: GetObjectMonitorUsage
Event: 177.461 Executing VM operation: GetObjectMonitorUsage done
Event: 177.461 Executing VM operation: GetObjectMonitorUsage
Event: 177.461 Executing VM operation: GetObjectMonitorUsage done

Events (20 events):
Event: 22.994 loading class java/util/stream/DoubleStream
Event: 22.994 loading class java/util/stream/DoubleStream done
Event: 23.007 loading class java/nio/StringCharBuffer
Event: 23.007 loading class java/nio/StringCharBuffer done
Event: 23.008 loading class sun/nio/cs/ISO_8859_1$Encoder
Event: 23.008 loading class sun/nio/cs/ISO_8859_1$Encoder done
Event: 23.008 loading class sun/nio/cs/Surrogate$Parser
Event: 23.008 loading class sun/nio/cs/Surrogate$Parser done
Event: 23.008 loading class sun/nio/cs/Surrogate
Event: 23.008 loading class sun/nio/cs/Surrogate done
Event: 25.299 Thread 0x000001734b9ffb60 Thread exited: 0x000001734b9ffb60
Event: 25.299 Thread 0x000001734ba03820 Thread exited: 0x000001734ba03820
Event: 27.180 Thread 0x000001734b9ffb60 Thread added: 0x000001734b9ffb60
Event: 27.180 Thread 0x000001734ba014b0 Thread added: 0x000001734ba014b0
Event: 31.757 Thread 0x000001734ba014b0 Thread exited: 0x000001734ba014b0
Event: 31.757 Thread 0x000001734b9ffb60 Thread exited: 0x000001734b9ffb60
Event: 41.541 loading class java/lang/ObjectCustomizer
Event: 41.541 loading class java/lang/ObjectCustomizer done
Event: 41.559 loading class java/lang/ObjectCustomizer
Event: 41.559 loading class java/lang/ObjectCustomizer done


Dynamic libraries:
0x00007ff7a59d0000 - 0x00007ff7a59f1000 	C:\Program Files\ojdkbuild\java-17-openjdk-17.0.2.0.8-1\bin\javaw.exe
0x00007ffed7d20000 - 0x00007ffed7f10000 	C:\Windows\SYSTEM32\ntdll.dll
0x00007ffed7070000 - 0x00007ffed7122000 	C:\Windows\System32\KERNEL32.DLL
0x00007ffed4d90000 - 0x00007ffed5035000 	C:\Windows\System32\KERNELBASE.dll
0x00007ffed4c90000 - 0x00007ffed4d8a000 	C:\Windows\System32\ucrtbase.dll
0x00007ffeccea0000 - 0x00007ffecceb8000 	C:\Program Files\ojdkbuild\java-17-openjdk-17.0.2.0.8-1\bin\jli.dll
0x00007ffed7a60000 - 0x00007ffed7bf4000 	C:\Windows\System32\USER32.dll
0x00007ffed5060000 - 0x00007ffed5081000 	C:\Windows\System32\win32u.dll
0x00007ffed6be0000 - 0x00007ffed6c06000 	C:\Windows\System32\GDI32.dll
0x00007ffed5ad0000 - 0x00007ffed5c68000 	C:\Windows\System32\gdi32full.dll
0x00007ffed5940000 - 0x00007ffed59de000 	C:\Windows\System32\msvcp_win.dll
0x00007ffecce80000 - 0x00007ffecce9b000 	C:\Program Files\ojdkbuild\java-17-openjdk-17.0.2.0.8-1\bin\VCRUNTIME140.dll
0x00007ffec5250000 - 0x00007ffec54d4000 	C:\Windows\WinSxS\amd64_microsoft.windows.common-controls_6595b64144ccf1df_6.0.18362.2274_none_9e8067a5e45c3d75\COMCTL32.dll
0x00007ffed7860000 - 0x00007ffed78fe000 	C:\Windows\System32\msvcrt.dll
0x00007ffed6c10000 - 0x00007ffed6f46000 	C:\Windows\System32\combase.dll
0x00007ffed69d0000 - 0x00007ffed6aeb000 	C:\Windows\System32\RPCRT4.dll
0x00007ffed5a40000 - 0x00007ffed5ac4000 	C:\Windows\System32\bcryptPrimitives.dll
0x00007ffed5ef0000 - 0x00007ffed5f1e000 	C:\Windows\System32\IMM32.DLL
0x00007ffec1e30000 - 0x00007ffec1f07000 	C:\Windows\incops3\ESDCNL64.dll
0x00007ffed5dc0000 - 0x00007ffed5e65000 	C:\Windows\System32\ADVAPI32.dll
0x00007ffed75b0000 - 0x00007ffed7648000 	C:\Windows\System32\sechost.dll
0x00007ffed3660000 - 0x00007ffed3691000 	C:\Windows\SYSTEM32\ntmarta.dll
0x00007ffea9cb0000 - 0x00007ffea9d91000 	C:\Windows\incops3\ESATM64.dll
0x00007ffed5f20000 - 0x00007ffed6607000 	C:\Windows\System32\SHELL32.dll
0x00007ffed5140000 - 0x00007ffed518a000 	C:\Windows\System32\cfgmgr32.dll
0x00007ffed6f50000 - 0x00007ffed6ff9000 	C:\Windows\System32\shcore.dll
0x00007ffed51c0000 - 0x00007ffed593c000 	C:\Windows\System32\windows.storage.dll
0x00007ffed4c20000 - 0x00007ffed4c3e000 	C:\Windows\System32\profapi.dll
0x00007ffed4c40000 - 0x00007ffed4c8a000 	C:\Windows\System32\powrprof.dll
0x00007ffed4bd0000 - 0x00007ffed4be0000 	C:\Windows\System32\UMPDC.dll
0x00007ffed7650000 - 0x00007ffed76a2000 	C:\Windows\System32\shlwapi.dll
0x00007ffed4c00000 - 0x00007ffed4c11000 	C:\Windows\System32\kernel.appcore.dll
0x000001731d0f0000 - 0x000001731d107000 	C:\Windows\System32\cryptsp.dll
0x00007ffed7900000 - 0x00007ffed7a57000 	C:\Windows\System32\ole32.dll
0x00007ffed59e0000 - 0x00007ffed5a3c000 	C:\Windows\System32\WINTRUST.dll
0x00007ffed4be0000 - 0x00007ffed4bf2000 	C:\Windows\System32\MSASN1.dll
0x00007ffed5c70000 - 0x00007ffed5dba000 	C:\Windows\System32\CRYPT32.dll
0x00007ffea9ba0000 - 0x00007ffea9ca2000 	C:\Windows\incops3\ESSCNL64.dll
0x00007ffebe840000 - 0x00007ffebe871000 	C:\PaperSecu\SPCOREHK64.DLL
0x00007ffebe710000 - 0x00007ffebe83e000 	C:\PAPERSECU\PAPERHK64.DLL
0x00007ffec5580000 - 0x00007ffec558a000 	C:\Windows\SYSTEM32\VERSION.dll
0x00007ffec1f80000 - 0x00007ffec200f000 	C:\Windows\SYSTEM32\WINSPOOL.DRV
0x00007ffed5190000 - 0x00007ffed51b6000 	C:\Windows\System32\bcrypt.dll
0x00007ffeceb60000 - 0x00007ffecec4f000 	C:\Windows\SYSTEM32\PROPSYS.dll
0x00007ffed7c10000 - 0x00007ffed7cd5000 	C:\Windows\System32\OLEAUT32.dll
0x00007ffed4120000 - 0x00007ffed415a000 	C:\Windows\SYSTEM32\IPHLPAPI.DLL
0x00007ffebe6a0000 - 0x00007ffebe702000 	C:\PAPERSECU\PAPERPHK64.DLL
0x00007ffea70a0000 - 0x00007ffea739b000 	C:\Windows\pcdrm\NSCCOR0364.DLL
0x00007ffed7c00000 - 0x00007ffed7c08000 	C:\Windows\System32\psapi.dll
0x00007ffea6b70000 - 0x00007ffea6baa000 	C:\Windows\pcdrm\NBID64.dll
0x00007ffea6820000 - 0x00007ffea6861000 	C:\Windows\pcdrm\NFD0164.dll
0x00007ffecdd90000 - 0x00007ffecdd9c000 	C:\Program Files\ojdkbuild\java-17-openjdk-17.0.2.0.8-1\bin\vcruntime140_1.dll
0x00007ffecb820000 - 0x00007ffecb8ad000 	C:\Program Files\ojdkbuild\java-17-openjdk-17.0.2.0.8-1\bin\msvcp140.dll
0x00007ffe516f0000 - 0x00007ffe5234e000 	C:\Program Files\ojdkbuild\java-17-openjdk-17.0.2.0.8-1\bin\server\jvm.dll
0x00007ffeb2220000 - 0x00007ffeb2229000 	C:\Windows\SYSTEM32\WSOCK32.dll
0x000001731d640000 - 0x000001731d6af000 	C:\Windows\System32\WS2_32.dll
0x00007ffecca70000 - 0x00007ffecca94000 	C:\Windows\SYSTEM32\WINMM.dll
0x00007ffecca40000 - 0x00007ffecca6d000 	C:\Windows\SYSTEM32\WINMMBASE.dll
0x00007ffecdce0000 - 0x00007ffecdcea000 	C:\Program Files\ojdkbuild\java-17-openjdk-17.0.2.0.8-1\bin\jimage.dll
0x00007ffed3230000 - 0x00007ffed3424000 	C:\Windows\SYSTEM32\DBGHELP.DLL
0x00007ffebf080000 - 0x00007ffebf0aa000 	C:\Windows\SYSTEM32\dbgcore.DLL
0x00007ffecb7e0000 - 0x00007ffecb81b000 	C:\Program Files\ojdkbuild\java-17-openjdk-17.0.2.0.8-1\bin\jdwp.dll
0x00007ffecce70000 - 0x00007ffecce7e000 	C:\Program Files\ojdkbuild\java-17-openjdk-17.0.2.0.8-1\bin\instrument.dll
0x00007ffec7500000 - 0x00007ffec7525000 	C:\Program Files\ojdkbuild\java-17-openjdk-17.0.2.0.8-1\bin\java.dll
0x00007ffe8a620000 - 0x00007ffe8a6f7000 	C:\Program Files\ojdkbuild\java-17-openjdk-17.0.2.0.8-1\bin\jsvml.dll
0x00007ffecbf90000 - 0x00007ffecbf9c000 	C:\Program Files\ojdkbuild\java-17-openjdk-17.0.2.0.8-1\bin\dt_socket.dll
0x00007ffed4410000 - 0x00007ffed4477000 	C:\Windows\system32\mswsock.dll
0x00007ffed4160000 - 0x00007ffed422a000 	C:\Windows\SYSTEM32\DNSAPI.dll
0x000001731d7d0000 - 0x000001731d7d8000 	C:\Windows\System32\NSI.dll
0x00007ffecc560000 - 0x00007ffecc56a000 	C:\Windows\System32\rasadhlp.dll
0x00007ffeccdf0000 - 0x00007ffecce67000 	C:\Windows\System32\fwpuclnt.dll
0x00007ffecbf50000 - 0x00007ffecbf68000 	C:\Program Files\ojdkbuild\java-17-openjdk-17.0.2.0.8-1\bin\zip.dll
0x00007ffec7470000 - 0x00007ffec7489000 	C:\Program Files\ojdkbuild\java-17-openjdk-17.0.2.0.8-1\bin\net.dll
0x00007ffeccf90000 - 0x00007ffecd089000 	C:\Windows\SYSTEM32\WINHTTP.dll
0x00007ffec7300000 - 0x00007ffec7316000 	C:\Program Files\ojdkbuild\java-17-openjdk-17.0.2.0.8-1\bin\nio.dll
0x00007ffecbf80000 - 0x00007ffecbf90000 	C:\Program Files\ojdkbuild\java-17-openjdk-17.0.2.0.8-1\bin\verify.dll
0x00007ffecb7d0000 - 0x00007ffecb7d9000 	C:\Program Files\ojdkbuild\java-17-openjdk-17.0.2.0.8-1\bin\management.dll
0x00007ffec74f0000 - 0x00007ffec74fb000 	C:\Program Files\ojdkbuild\java-17-openjdk-17.0.2.0.8-1\bin\management_ext.dll
0x00007ffebfa60000 - 0x00007ffebfa76000 	C:\Windows\system32\napinsp.dll
0x00007ffebfa80000 - 0x00007ffebfa9a000 	C:\Windows\system32\pnrpnsp.dll
0x00007ffebfaa0000 - 0x00007ffebfaae000 	C:\Windows\System32\winrnr.dll
0x00007ffecd0a0000 - 0x00007ffecd0bc000 	C:\Windows\system32\NLAapi.dll
0x00007ffeccf20000 - 0x00007ffeccf35000 	C:\Windows\system32\wshbth.dll
0x00007ffed3d10000 - 0x00007ffed3d43000 	C:\Windows\system32\rsaenh.dll
0x00007ffed4ac0000 - 0x00007ffed4ae5000 	C:\Windows\SYSTEM32\USERENV.dll
0x00007ffed45e0000 - 0x00007ffed45ec000 	C:\Windows\SYSTEM32\CRYPTBASE.dll
0x00007ffeccd40000 - 0x00007ffeccd56000 	C:\Windows\SYSTEM32\dhcpcsvc6.DLL
0x00007ffeccd20000 - 0x00007ffeccd3c000 	C:\Windows\SYSTEM32\dhcpcsvc.DLL
0x00007ffec7460000 - 0x00007ffec746d000 	C:\Program Files\ojdkbuild\java-17-openjdk-17.0.2.0.8-1\bin\sunmscapi.dll
0x00007ffed46e0000 - 0x00007ffed4706000 	C:\Windows\SYSTEM32\ncrypt.dll
0x00007ffed46a0000 - 0x00007ffed46db000 	C:\Windows\SYSTEM32\NTASN1.dll
0x00007ffec72f0000 - 0x00007ffec72f7000 	C:\Windows\system32\wshunix.dll

dbghelp: loaded successfully - version: 4.0.5 - missing functions: none
symbol engine: initialized successfully - sym options: 0x614 - pdb path: .;C:\Program Files\ojdkbuild\java-17-openjdk-17.0.2.0.8-1\bin;C:\Windows\SYSTEM32;C:\Windows\WinSxS\amd64_microsoft.windows.common-controls_6595b64144ccf1df_6.0.18362.2274_none_9e8067a5e45c3d75;C:\Windows\incops3;C:\PaperSecu;C:\Windows\pcdrm;C:\Program Files\ojdkbuild\java-17-openjdk-17.0.2.0.8-1\bin\server

VM Arguments:
jvm_args: -XX:+ShowCodeDetailsInExceptionMessages -agentlib:jdwp=transport=dt_socket,suspend=y,address=localhost:58346 -javaagent:D:\Programs\eclipse-jee-2022-09-R-win32-x86_64\configuration\org.eclipse.osgi\421\0\.cp\lib\javaagent-shaded.jar -Dfile.encoding=UTF-8 
java_command: com.mymes.equip.vplc.VirtualPlcApplication
java_class_path (initial): D:\Sources\Workspaces\Workspace-3dx\3dx-conv\control\vplc\target\classes;C:\Users\insoo67.park\.m2\repository\org\springframework\boot\spring-boot-starter-web\2.7.1\spring-boot-starter-web-2.7.1.jar;C:\Users\insoo67.park\.m2\repository\org\springframework\boot\spring-boot-starter\2.7.1\spring-boot-starter-2.7.1.jar;C:\Users\insoo67.park\.m2\repository\org\springframework\boot\spring-boot-starter-logging\2.7.1\spring-boot-starter-logging-2.7.1.jar;C:\Users\insoo67.park\.m2\repository\ch\qos\logback\logback-classic\1.2.11\logback-classic-1.2.11.jar;C:\Users\insoo67.park\.m2\repository\ch\qos\logback\logback-core\1.2.11\logback-core-1.2.11.jar;C:\Users\insoo67.park\.m2\repository\org\apache\logging\log4j\log4j-to-slf4j\2.17.2\log4j-to-slf4j-2.17.2.jar;C:\Users\insoo67.park\.m2\repository\org\apache\logging\log4j\log4j-api\2.17.2\log4j-api-2.17.2.jar;C:\Users\insoo67.park\.m2\repository\org\slf4j\jul-to-slf4j\1.7.36\jul-to-slf4j-1.7.36.jar;C:\Users\insoo67.park\.m2\repository\jakarta\annotation\jakarta.annotation-api\1.3.5\jakarta.annotation-api-1.3.5.jar;C:\Users\insoo67.park\.m2\repository\org\yaml\snakeyaml\1.30\snakeyaml-1.30.jar;C:\Users\insoo67.park\.m2\repository\org\springframework\boot\spring-boot-starter-json\2.7.1\spring-boot-starter-json-2.7.1.jar;C:\Users\insoo67.park\.m2\repository\com\fasterxml\jackson\core\jackson-databind\2.13.3\jackson-databind-2.13.3.jar;C:\Users\insoo67.park\.m2\repository\com\fasterxml\jackson\core\jackson-core\2.13.3\jackson-core-2.13.3.jar;C:\Users\insoo67.park\.m2\repository\com\fasterxml\jackson\datatype\jackson-datatype-jdk8\2.13.3\jackson-datatype-jdk8-2.13.3.jar;C:\Users\insoo67.park\.m2\repository\com\fasterxml\jackson\datatype\jackson-datatype-jsr310\2.13.3\jackson-datatype-jsr310-2.13.3.jar;C:\Users\insoo67.park\.m2\repository\com\fasterxml\jackson\module\jackson-module-parameter-names\2.13.3\jackson-module-parameter-names-2.13.3.jar;C:\Users\insoo67.park\.m2\repository\org\springframework\boot
Launcher Type: SUN_STANDARD

[Global flags]
     intx CICompilerCount                          = 4                                         {product} {ergonomic}
     uint ConcGCThreads                            = 2                                         {product} {ergonomic}
     uint G1ConcRefinementThreads                  = 8                                         {product} {ergonomic}
   size_t G1HeapRegionSize                         = 2097152                                   {product} {ergonomic}
    uintx GCDrainStackTargetSize                   = 64                                        {product} {ergonomic}
   size_t InitialHeapSize                          = 264241152                                 {product} {ergonomic}
   size_t MarkStackSize                            = 4194304                                   {product} {ergonomic}
   size_t MaxHeapSize                              = 4211081216                                {product} {ergonomic}
   size_t MaxNewSize                               = 2524971008                                {product} {ergonomic}
   size_t MinHeapDeltaBytes                        = 2097152                                   {product} {ergonomic}
   size_t MinHeapSize                              = 8388608                                   {product} {ergonomic}
    uintx NonNMethodCodeHeapSize                   = 5839372                                {pd product} {ergonomic}
    uintx NonProfiledCodeHeapSize                  = 122909434                              {pd product} {ergonomic}
    uintx ProfiledCodeHeapSize                     = 122909434                              {pd product} {ergonomic}
    uintx ReservedCodeCacheSize                    = 251658240                              {pd product} {ergonomic}
     bool SegmentedCodeCache                       = true                                      {product} {ergonomic}
     bool ShowCodeDetailsInExceptionMessages       = true                                   {manageable} {command line}
   size_t SoftMaxHeapSize                          = 4211081216                             {manageable} {ergonomic}
     bool UseCompressedClassPointers               = true                           {product lp64_product} {ergonomic}
     bool UseCompressedOops                        = true                           {product lp64_product} {ergonomic}
     bool UseG1GC                                  = true                                      {product} {ergonomic}
     bool UseLargePagesIndividualAllocation        = false                                  {pd product} {ergonomic}

Logging:
Log output configuration:
 #0: stdout all=warning uptime,level,tags
 #1: stderr all=off uptime,level,tags

Environment Variables:
JAVA_HOME=C:\Program Files\ojdkbuild\java-1.8.0-openjdk-1.8.0.322-1
PATH=D:/Programs/eclipse-jee-2022-09-R-win32-x86_64//plugins/org.eclipse.justj.openjdk.hotspot.jre.full.win32.x86_64_17.0.4.v20220903-1038/jre/bin/server;D:/Programs/eclipse-jee-2022-09-R-win32-x86_64//plugins/org.eclipse.justj.openjdk.hotspot.jre.full.win32.x86_64_17.0.4.v20220903-1038/jre/bin;C:\Program Files\Eclipse Foundation\jdk-8.0.302.8-hotspot\bin;C:\Windows\system32;C:\Windows;C:\Windows\System32\Wbem;C:\Windows\System32\WindowsPowerShell\v1.0\;C:\Windows\System32\OpenSSH\;C:\Program Files (x86)\NVIDIA Corporation\PhysX\Common;C:\Program Files\NVIDIA Corporation\NVIDIA NvDLISR;C:\Knox Drive;C:\Knox Drive\vcredist64;C:\Program Files\nodejs\;C:\Program Files\Git\cmd;C:\Program Files\ojdkbuild\java-17-openjdk-17.0.2.0.8-1\bin;C:\Program Files\Microsoft VS Code\bin;C:\mingw64\bin;D:\Programs\ffmpeg-5.0.1-full_build\bin;D:\Programs\apache-maven-3.8.7\bin;C:\Program Files\Go\bin;D:\Sources\Workspaces\Workspace-go\bin;C:\Windows\system32\config\systemprofile\go;C:\Program Files\Common Files\Tom Sawyer Software\10.0.0;D:\Programs\cmake-3.28.1-windows-x86_64\bin;C:\OpenUSD\bin;C:\OpenUSD\lib;C:\Users\insoo67.park\AppData\Local\Programs\Python\Python310\Scripts\;C:\Users\insoo67.park\AppData\Local\Programs\Python\Python310\;C:\Users\insoo67.park\AppData\Local\Microsoft\WindowsApps;C:\Users\insoo67.park\AppData\Roaming\npm;C:\Program Files\Fiddler;D:\Programs\ffmpeg-5.0.1-full_build\bin;D:\Sources\Workspaces\Workspace-go\bin;;D:\Programs\eclipse-jee-2022-09-R-win32-x86_64;
USERNAME=insoo67.park
OS=Windows_NT
PROCESSOR_IDENTIFIER=Intel64 Family 6 Model 140 Stepping 1, GenuineIntel



---------------  S Y S T E M  ---------------

OS:
 Windows 10 , 64 bit Build 18362 (10.0.18362.2274)
OS uptime: 0 days 8:21 hours

CPU: total 8 (initial active 8) (4 cores per cpu, 2 threads per core) family 6 model 140 stepping 1 microcode 0x9a, cx8, cmov, fxsr, ht, mmx, 3dnowpref, sse, sse2, sse3, ssse3, sse4.1, sse4.2, popcnt, lzcnt, tsc, tscinvbit, avx, avx2, aes, erms, clmul, bmi1, bmi2, adx, avx512f, avx512dq, avx512cd, avx512bw, avx512vl, sha, fma, vzeroupper, avx512_vpopcntdq, avx512_vpclmulqdq, avx512_vaes, avx512_vnni, clflush, clflushopt, clwb, avx512_vbmi2, avx512_vbmi

Memory: 4k page, system-wide physical 16057M (4910M free)
TotalPageFile size 26304M (AvailPageFile size 3770M)
current process WorkingSet (physical memory assigned to process): 337M, peak: 445M
current process commit charge ("private bytes"): 374M, peak: 483M

vm_info: OpenJDK 64-Bit Server VM (17.0.2+8-LTS) for windows-amd64 JRE (17.0.2+8-LTS), built on Jan 28 2022 14:01:48 by "" with MS VC++ 16.10 / 16.11 (VS2019)

END.
