#
# A fatal error has been detected by the Java Runtime Environment:
#
#  EXCEPTION_ACCESS_VIOLATION (0xc0000005) at pc=0x00007ffd9b13fa2a, pid=21060, tid=17928
#
# JRE version: OpenJDK Runtime Environment Temurin-17.0.4.1+1 (17.0.4.1+1) (build 17.0.4.1+1)
# Java VM: OpenJDK 64-Bit Server VM Temurin-17.0.4.1+1 (17.0.4.1+1, mixed mode, tiered, compressed oops, compressed class ptrs, g1 gc, windows-amd64)
# Problematic frame:
# V  [jvm.dll+0x79fa2a]
#
# No core dump will be written. Minidumps are not enabled by default on client versions of Windows
#
# If you would like to submit a bug report, please visit:
#   https://github.com/adoptium/adoptium-support/issues
#

---------------  S U M M A R Y ------------

Command Line: -XX:+ShowCodeDetailsInExceptionMessages -agentlib:jdwp=transport=dt_socket,suspend=y,address=localhost:54574 -javaagent:D:\Programs\eclipse-jee-2022-09-R-win32-x86_64\configuration\org.eclipse.osgi\421\0\.cp\lib\javaagent-shaded.jar -Dfile.encoding=UTF-8 com.mymes.equip.tc.ToolControlApplication

Host: 11th Gen Intel(R) Core(TM) i7-1165G7 @ 2.80GHz, 8 cores, 15G,  Windows 10 , 64 bit Build 18362 (10.0.18362.2274)
Time: Mon Apr 15 13:22:00 2024 대한민국 표준시 elapsed time: 1128.675396 seconds (0d 0h 18m 48s)

---------------  T H R E A D  ---------------

Current thread (0x000001f28f193dc0):  JavaThread "JDWP Transport Listener: dt_socket" daemon [_thread_in_vm, id=17928, stack(0x000000cc10100000,0x000000cc10200000)]

Stack: [0x000000cc10100000,0x000000cc10200000],  sp=0x000000cc101ff430,  free space=1021k
Native frames: (J=compiled Java code, j=interpreted, Vv=VM code, C=native code)
V  [jvm.dll+0x79fa2a]
V  [jvm.dll+0x50965c]
V  [jvm.dll+0x4d0cc4]
C  [jdwp.dll+0x22f7b]


siginfo: EXCEPTION_ACCESS_VIOLATION (0xc0000005), reading address 0x0000000000fe001a


Register to memory mapping:

RIP=0x00007ffd9b13fa2a jvm.dll
RAX=0x00000000000000fd is an unknown value
RBX=0x000001f2fee3c2f7 points into unknown readable memory: 6a
RCX=0x0000000000fe0016 is an unknown value
RDX=0x000001f297c0b0e0 points into unknown readable memory: 0x6d796d2f6d6f634c | 4c 63 6f 6d 2f 6d 79 6d
RSP=0x000000cc101ff430 is pointing into the stack for thread: 0x000001f28f193dc0
RBP=0x000001f28f0b1420 points into unknown readable memory: 0x4145485f00000002 | 02 00 00 00 5f 48 45 41
RSI=0x0 is NULL
RDI=0xffffffffffffffff is an unknown value
R8 =0x0000000000000259 is an unknown value
R9 =0x0000000000000040 is an unknown value
R10=0x0000000000000240 is an unknown value
R11=0x000000cc101ff450 is pointing into the stack for thread: 0x000001f28f193dc0
R12=0x000000cc101ff588 is pointing into the stack for thread: 0x000001f28f193dc0
R13=0x0 is NULL
R14=0x0000000800327040 is a pointer to class: 
com.mymes.equip.tc.interfs.impl.InterfaceServiceImpl {0x0000000800327048}
 - instance size:     2
 - klass size:        91
 - access:            public synchronized 
 - state:             fully_initialized
 - name:              'com/mymes/equip/tc/interfs/impl/InterfaceServiceImpl'
 - super:             'java/lang/Object'
 - sub:               'com/mymes/equip/tc/interfs/impl/InterfaceServiceImpl$$EnhancerBySpringCGLIB$$1d0189d0'   
 - arrays:            NULL
 - methods:           Array<T>(0x000001f29c0e6ee0)
 - method ordering:   Array<T>(0x000001f29c3ffa48)
 - default_methods:   Array<T>(0x000001f2958de668)
 - default vtable indices:   Array<T>(0x000001f2958de678)
 - local interfaces:  Array<T>(0x000001f2958dcd70)
 - trans. interfaces: Array<T>(0x000001f2958dcd70)
 - constants:         constant pool [266] {0x000001f29ba753b8} for 'com/mymes/equip/tc/interfs/impl/InterfaceServiceImpl' cache=0x000001f29bf237b0
 - class loader data:  loader data: 0x000001f2ef52ca50 for instance a 'jdk/internal/loader/ClassLoaders$AppClassLoader'{0x000000070532ee00}
 - source file:       'InterfaceServiceImpl.java'
 - source debug extension:       SMAP
InterfaceServiceImpl.java
Java
*S jdt
*F
1 InterfaceServiceImpl.java
2 file:/D:/Sources/Workspaces/Workspace-3dx/3dx-conv/control/tc/target/classes/
*L
*E

 - class annotations:       Array<T>(0x000001f2958de4d8)
 - class type annotations:  Array<T>(0x0000000000000000)
 - field annotations:       Array<T>(0x000001f29ec7d968)
 - field type annotations:  Array<T>(0x0000000000000000)
 - generic signature: '
[error occurred during error reporting (printing register info), id 0xc0000005, EXCEPTION_ACCESS_VIOLATION (0xc0000005) at pc=0x00007ffd9b140636]

Registers:
RAX=0x00000000000000fd, RBX=0x000001f2fee3c2f7, RCX=0x0000000000fe0016, RDX=0x000001f297c0b0e0
RSP=0x000000cc101ff430, RBP=0x000001f28f0b1420, RSI=0x0000000000000000, RDI=0xffffffffffffffff
R8 =0x0000000000000259, R9 =0x0000000000000040, R10=0x0000000000000240, R11=0x000000cc101ff450
R12=0x000000cc101ff588, R13=0x0000000000000000, R14=0x0000000800327040, R15=0x000000cc101ff5d8
RIP=0x00007ffd9b13fa2a, EFLAGS=0x0000000000010206

Top of Stack: (sp=0x000000cc101ff430)
0x000000cc101ff430:   0000000000000034 0000000800327040
0x000000cc101ff440:   000001f28f193dc0 0000000000000000
0x000000cc101ff450:   ffffffffffffffff 00007ffd9aea965c
0x000000cc101ff460:   000001f2fee3c2f7 000001f2fee3c2c0
0x000000cc101ff470:   000001f28f0b1420 000001f2936a6280
0x000000cc101ff480:   000001f2fee3c270 00000000000003d8
0x000000cc101ff490:   000001f2fee3c280 000001f2fee3c658
0x000000cc101ff4a0:   0000000000000002 000000cc101ff588
0x000000cc101ff4b0:   0000000000000000 0000000000000000
0x000000cc101ff4c0:   0000000705c3b748 00007ffd9ae70cc4
0x000000cc101ff4d0:   000001f28f193dc0 000000cc101ff5d8
0x000000cc101ff4e0:   000001f2ee97e190 000000cc101ff5d8
0x000000cc101ff4f0:   000001f28f193dc0 0000000000000000
0x000000cc101ff500:   000001f200000000 0000000000000000
0x000000cc101ff510:   000000000000000d 00007ffdbec72f7b
0x000000cc101ff520:   000000cc101ff5d0 00007ffdbec81600 

Instructions: (pc=0x00007ffd9b13fa2a)
0x00007ffd9b13f92a:   48 83 c4 20 5f e9 bc 69 90 ff cc cc cc cc cc cc
0x00007ffd9b13f93a:   cc cc cc cc cc cc 48 89 5c 24 08 57 48 83 ec 20
0x00007ffd9b13f94a:   83 fa 02 8d 42 06 b9 08 00 00 00 49 8b d8 0f 4e
0x00007ffd9b13f95a:   c1 48 63 c8 48 83 c1 07 83 e1 f8 48 63 f9 49 8b
0x00007ffd9b13f96a:   48 18 48 8b c7 48 f7 d0 48 3b c1 73 16 4c 8d 05
0x00007ffd9b13f97a:   ba 58 17 00 48 8b d7 48 8b cb e8 c7 cc 90 ff 48
0x00007ffd9b13f98a:   8b 4b 18 48 8d 04 39 48 3b 43 20 76 18 45 33 c0
0x00007ffd9b13f99a:   48 8b d7 48 8b cb 48 8b 5c 24 30 48 83 c4 20 5f
0x00007ffd9b13f9aa:   e9 21 c9 90 ff 48 89 43 18 48 8b c1 48 8b 5c 24
0x00007ffd9b13f9ba:   30 48 83 c4 20 5f c3 cc cc cc cc cc cc cc cc cc
0x00007ffd9b13f9ca:   cc cc cc cc cc cc 4c 8b d2 4c 8b d9 45 85 c0 7e
0x00007ffd9b13f9da:   3c 44 0f b7 49 04 41 8d 40 ff 41 3b c1 44 0f 4c
0x00007ffd9b13f9ea:   c8 4d 63 c1 45 85 c9 7e 1f 48 8b c2 4c 2b da 49
0x00007ffd9b13f9fa:   8b d0 0f 1f 40 00 41 0f b6 4c 03 06 88 08 48 8d
0x00007ffd9b13fa0a:   40 01 48 83 ea 01 75 ee 43 c6 04 10 00 49 8b c2
0x00007ffd9b13fa1a:   c3 cc cc cc cc cc 48 89 5c 24 08 57 48 83 ec 20
0x00007ffd9b13fa2a:   0f b7 59 04 48 8b f9 33 d2 48 8d 4b 01 e8 f4 d9
0x00007ffd9b13fa3a:   f2 ff 0f b7 57 04 4c 8b c0 3b da 0f 42 d3 44 8b
0x00007ffd9b13fa4a:   ca 85 d2 74 39 48 2b f8 0f 1f 40 00 66 66 0f 1f
0x00007ffd9b13fa5a:   84 00 00 00 00 00 0f b6 4c 07 06 88 08 48 ff c0
0x00007ffd9b13fa6a:   48 8b c8 49 2b c8 49 3b c9 7c eb 42 c6 04 02 00
0x00007ffd9b13fa7a:   49 8b c0 48 8b 5c 24 30 48 83 c4 20 5f c3 48 8b
0x00007ffd9b13fa8a:   5c 24 30 c6 04 02 00 48 83 c4 20 5f c3 cc cc cc
0x00007ffd9b13fa9a:   cc cc cc cc cc cc 4c 8b d1 45 85 c0 7e 6c 44 0f
0x00007ffd9b13faaa:   b7 49 04 41 8d 40 ff 41 3b c1 44 0f 4c c8 4d 63
0x00007ffd9b13faba:   d9 45 85 c9 7e 22 48 8b ca 4c 2b d2 4d 8b c3 0f
0x00007ffd9b13faca:   1f 80 00 00 00 00 41 0f b6 44 0a 06 88 01 48 8d
0x00007ffd9b13fada:   49 01 49 83 e8 01 75 ee 41 c6 04 13 00 48 c7 c0
0x00007ffd9b13faea:   ff ff ff ff 66 90 48 ff c0 80 3c 02 00 75 f7 48
0x00007ffd9b13fafa:   63 c8 85 c0 48 8b c2 7e 14 80 38 2f 75 03 c6 00
0x00007ffd9b13fb0a:   2e 48 ff c0 48 83 e9 01 75 ef 48 8b c2 c3 cc cc
0x00007ffd9b13fb1a:   cc cc cc cc cc cc 48 83 ec 28 e8 f7 fe ff ff 4c 


Stack slot to memory mapping:
stack at sp + 0 slots: 0x0000000000000034 is an unknown value
stack at sp + 1 slots: 0x0000000800327040 is a pointer to class: 
com.mymes.equip.tc.interfs.impl.InterfaceServiceImpl {0x0000000800327048}
 - instance size:     2
 - klass size:        91
 - access:            public synchronized 
 - state:             fully_initialized
 - name:              'com/mymes/equip/tc/interfs/impl/InterfaceServiceImpl'
 - super:             'java/lang/Object'
 - sub:               'com/mymes/equip/tc/interfs/impl/InterfaceServiceImpl$$EnhancerBySpringCGLIB$$1d0189d0'   
 - arrays:            NULL
 - methods:           Array<T>(0x000001f29c0e6ee0)
 - method ordering:   Array<T>(0x000001f29c3ffa48)
 - default_methods:   Array<T>(0x000001f2958de668)
 - default vtable indices:   Array<T>(0x000001f2958de678)
 - local interfaces:  Array<T>(0x000001f2958dcd70)
 - trans. interfaces: Array<T>(0x000001f2958dcd70)
 - constants:         constant pool [266] {0x000001f29ba753b8} for 'com/mymes/equip/tc/interfs/impl/InterfaceServiceImpl' cache=0x000001f29bf237b0
 - class loader data:  loader data: 0x000001f2ef52ca50 for instance a 'jdk/internal/loader/ClassLoaders$AppClassLoader'{0x000000070532ee00}
 - source file:       'InterfaceServiceImpl.java'
 - source debug extension:       SMAP
InterfaceServiceImpl.java
Java
*S jdt
*F
1 InterfaceServiceImpl.java
2 file:/D:/Sources/Workspaces/Workspace-3dx/3dx-conv/control/tc/target/classes/
*L
*E

 - class annotations:       Array<T>(0x000001f2958de4d8)
 - class type annotations:  Array<T>(0x0000000000000000)
 - field annotations:       Array<T>(0x000001f29ec7d968)
 - field type annotations:  Array<T>(0x0000000000000000)
 - generic signature: '
[error occurred during error reporting (inspecting top of stack), id 0xc0000005, EXCEPTION_ACCESS_VIOLATION (0xc0000005) at pc=0x00007ffd9b140636]


---------------  P R O C E S S  ---------------

Threads class SMR info:
_java_thread_list=0x000001f29052d960, length=44, elements={
0x000001f2fed947b0, 0x000001f2fedb5020, 0x000001f2fede6800, 0x000001f2fedfd2d0,
0x000001f2fee1d900, 0x000001f2fee21f50, 0x000001f2fedc5f20, 0x000001f2fedc4ff0,
0x000001f2fee35580, 0x000001f2fed22780, 0x000001f28f193dc0, 0x000001f28f124e40,
0x000001f28f125520, 0x000001f28f646100, 0x000001f291fd1b80, 0x000001f28f5d9800,
0x000001f293119a20, 0x000001f28f2f0350, 0x000001f2932c57f0, 0x000001f2932c5cc0,
0x000001f29d8c1d40, 0x000001f29d8be380, 0x000001f29d8be850, 0x000001f29d8bb360,
0x000001f29d8c13a0, 0x000001f29d8bed20, 0x000001f29d8c0ed0, 0x000001f29d8bf6c0,
0x000001f29d8bfb90, 0x000001f29d8c0060, 0x000001f29d8bd040, 0x000001f29d8bbd00,
0x000001f29d8bd510, 0x000001f29d8bdeb0, 0x000001f29d8bb830, 0x000001f29d8c0530,
0x000001f29d8c0a00, 0x000001f29d8bc1d0, 0x000001f29d8bc6a0, 0x000001f2921d7f40,
0x000001f2921d6260, 0x000001f2921d6730, 0x000001f2921d6c00, 0x000001f2921d5d90
}

Java Threads: ( => current thread )
  0x000001f2fed947b0 JavaThread "Reference Handler" daemon [_thread_blocked, id=2208, stack(0x000000cc0f600000,0x000000cc0f700000)]
  0x000001f2fedb5020 JavaThread "Finalizer" daemon [_thread_blocked, id=20820, stack(0x000000cc0f700000,0x000000cc0f800000)]
  0x000001f2fede6800 JavaThread "Signal Dispatcher" daemon [_thread_blocked, id=1928, stack(0x000000cc0f800000,0x000000cc0f900000)]
  0x000001f2fedfd2d0 JavaThread "Attach Listener" daemon [_thread_blocked, id=8056, stack(0x000000cc0f900000,0x000000cc0fa00000)]
  0x000001f2fee1d900 JavaThread "Service Thread" daemon [_thread_blocked, id=20852, stack(0x000000cc0fa00000,0x000000cc0fb00000)]
  0x000001f2fee21f50 JavaThread "Monitor Deflation Thread" daemon [_thread_blocked, id=21152, stack(0x000000cc0fb00000,0x000000cc0fc00000)]
  0x000001f2fedc5f20 JavaThread "C2 CompilerThread0" daemon [_thread_blocked, id=20812, stack(0x000000cc0fc00000,0x000000cc0fd00000)]
  0x000001f2fedc4ff0 JavaThread "C1 CompilerThread0" daemon [_thread_blocked, id=20156, stack(0x000000cc0fd00000,0x000000cc0fe00000)]
  0x000001f2fee35580 JavaThread "Sweeper thread" daemon [_thread_blocked, id=1372, stack(0x000000cc0fe00000,0x000000cc0ff00000)]
  0x000001f2fed22780 JavaThread "Common-Cleaner" daemon [_thread_blocked, id=21280, stack(0x000000cc0ff00000,0x000000cc10000000)]
=>0x000001f28f193dc0 JavaThread "JDWP Transport Listener: dt_socket" daemon [_thread_in_vm, id=17928, stack(0x000000cc10100000,0x000000cc10200000)]
  0x000001f28f124e40 JavaThread "JDWP Event Helper Thread" daemon [_thread_blocked, id=6884, stack(0x000000cc10200000,0x000000cc10300000)]
  0x000001f28f125520 JavaThread "JDWP Command Reader" daemon [_thread_in_native, id=13236, stack(0x000000cc10300000,0x000000cc10400000)]
  0x000001f28f646100 JavaThread "Notification Thread" daemon [_thread_blocked, id=13532, stack(0x000000cc10400000,0x000000cc10500000)]
  0x000001f291fd1b80 JavaThread "Catalina-utility-1" [_thread_blocked, id=20648, stack(0x000000cc11000000,0x000000cc11100000)]
  0x000001f28f5d9800 JavaThread "Catalina-utility-2" [_thread_blocked, id=9116, stack(0x000000cc11100000,0x000000cc11200000)]
  0x000001f293119a20 JavaThread "container-0" [_thread_blocked, id=19252, stack(0x000000cc11200000,0x000000cc11300000)]
  0x000001f28f2f0350 JavaThread "HikariPool-1 housekeeper" daemon [_thread_blocked, id=19488, stack(0x000000cc11400000,0x000000cc11500000)]
  0x000001f2932c57f0 JavaThread "TestScheduler_Worker-1" [_thread_blocked, id=21132, stack(0x000000cc11600000,0x000000cc11700000)]
  0x000001f2932c5cc0 JavaThread "TestScheduler_Worker-2" [_thread_blocked, id=7032, stack(0x000000cc11700000,0x000000cc11800000)]
  0x000001f29d8c1d40 JavaThread "TestScheduler_Worker-3" [_thread_blocked, id=15380, stack(0x000000cc11800000,0x000000cc11900000)]
  0x000001f29d8be380 JavaThread "TestScheduler_Worker-4" [_thread_blocked, id=19500, stack(0x000000cc11900000,0x000000cc11a00000)]
  0x000001f29d8be850 JavaThread "TestScheduler_QuartzSchedulerThread" [_thread_blocked, id=19800, stack(0x000000cc11a00000,0x000000cc11b00000)]
  0x000001f29d8bb360 JavaThread "Thread-1" [_thread_blocked, id=11256, stack(0x000000cc11b00000,0x000000cc11c00000)]
  0x000001f29d8c13a0 JavaThread "nioEventLoopGroup-2-1" [_thread_in_native, id=19172, stack(0x000000cc11500000,0x000000cc11600000)]
  0x000001f29d8bed20 JavaThread "nioEventLoopGroup-2-2" [_thread_in_native, id=16044, stack(0x000000cc11c00000,0x000000cc11d00000)]
  0x000001f29d8c0ed0 JavaThread "Timer-0" daemon [_thread_blocked, id=3544, stack(0x000000cc11d00000,0x000000cc11e00000)]
  0x000001f29d8bf6c0 JavaThread "http-nio-8088-exec-1" daemon [_thread_blocked, id=16052, stack(0x000000cc11e00000,0x000000cc11f00000)]
  0x000001f29d8bfb90 JavaThread "http-nio-8088-exec-2" daemon [_thread_blocked, id=21020, stack(0x000000cc11f00000,0x000000cc12000000)]
  0x000001f29d8c0060 JavaThread "http-nio-8088-exec-3" daemon [_thread_blocked, id=11008, stack(0x000000cc12000000,0x000000cc12100000)]
  0x000001f29d8bd040 JavaThread "http-nio-8088-exec-4" daemon [_thread_blocked, id=13528, stack(0x000000cc12100000,0x000000cc12200000)]
  0x000001f29d8bbd00 JavaThread "http-nio-8088-exec-5" daemon [_thread_blocked, id=8520, stack(0x000000cc12200000,0x000000cc12300000)]
  0x000001f29d8bd510 JavaThread "http-nio-8088-exec-6" daemon [_thread_blocked, id=21288, stack(0x000000cc12300000,0x000000cc12400000)]
  0x000001f29d8bdeb0 JavaThread "http-nio-8088-exec-7" daemon [_thread_blocked, id=20808, stack(0x000000cc12400000,0x000000cc12500000)]
  0x000001f29d8bb830 JavaThread "http-nio-8088-exec-8" daemon [_thread_blocked, id=19044, stack(0x000000cc12500000,0x000000cc12600000)]
  0x000001f29d8c0530 JavaThread "http-nio-8088-exec-9" daemon [_thread_blocked, id=21144, stack(0x000000cc12600000,0x000000cc12700000)]
  0x000001f29d8c0a00 JavaThread "http-nio-8088-exec-10" daemon [_thread_blocked, id=14740, stack(0x000000cc12700000,0x000000cc12800000)]
  0x000001f29d8bc1d0 JavaThread "http-nio-8088-Poller" daemon [_thread_in_native, id=20804, stack(0x000000cc12800000,0x000000cc12900000)]
  0x000001f29d8bc6a0 JavaThread "http-nio-8088-Acceptor" daemon [_thread_in_native, id=15856, stack(0x000000cc12900000,0x000000cc12a00000)]
  0x000001f2921d7f40 JavaThread "HikariPool-2 housekeeper" daemon [_thread_blocked, id=20688, stack(0x000000cc12a00000,0x000000cc12b00000)]
  0x000001f2921d6260 JavaThread "QuartzScheduler_TestScheduler-insoo67-park0011713153798705_ClusterManager" [_thread_blocked, id=4696, stack(0x000000cc12b00000,0x000000cc12c00000)]
  0x000001f2921d6730 JavaThread "QuartzScheduler_TestScheduler-insoo67-park0011713153798705_MisfireHandler" [_thread_blocked, id=20448, stack(0x000000cc12c00000,0x000000cc12d00000)]
  0x000001f2921d6c00 JavaThread "pool-1-thread-1" [_thread_in_native, id=20432, stack(0x000000cc12e00000,0x000000cc12f00000)]
  0x000001f2921d5d90 JavaThread "DestroyJavaVM" [_thread_blocked, id=21276, stack(0x000000cc0ef00000,0x000000cc0f000000)]

Other Threads:
  0x000001f2fed8f450 VMThread "VM Thread" [stack: 0x000000cc0f500000,0x000000cc0f600000] [id=13524]
  0x000001f2ec808b30 WatcherThread [stack: 0x000000cc10500000,0x000000cc10600000] [id=21084]
  0x000001f2ef42fff0 GCTaskThread "GC Thread#0" [stack: 0x000000cc0f000000,0x000000cc0f100000] [id=17888]
  0x000001f28fa12010 GCTaskThread "GC Thread#1" [stack: 0x000000cc10600000,0x000000cc10700000] [id=7792]
  0x000001f28f230730 GCTaskThread "GC Thread#2" [stack: 0x000000cc10700000,0x000000cc10800000] [id=20652]
  0x000001f28fc43610 GCTaskThread "GC Thread#3" [stack: 0x000000cc10800000,0x000000cc10900000] [id=2436]
  0x000001f28fc438c0 GCTaskThread "GC Thread#4" [stack: 0x000000cc10900000,0x000000cc10a00000] [id=2232]
  0x000001f28fb0c780 GCTaskThread "GC Thread#5" [stack: 0x000000cc10a00000,0x000000cc10b00000] [id=19664]
  0x000001f28fc1d0b0 GCTaskThread "GC Thread#6" [stack: 0x000000cc10b00000,0x000000cc10c00000] [id=9744]
  0x000001f28fc1d360 GCTaskThread "GC Thread#7" [stack: 0x000000cc10c00000,0x000000cc10d00000] [id=16468]
  0x000001f2ef4408d0 ConcurrentGCThread "G1 Main Marker" [stack: 0x000000cc0f100000,0x000000cc0f200000] [id=21256]
  0x000001f2ef449930 ConcurrentGCThread "G1 Conc#0" [stack: 0x000000cc0f200000,0x000000cc0f300000] [id=21232]
  0x000001f291d7b5f0 ConcurrentGCThread "G1 Conc#1" [stack: 0x000000cc10f00000,0x000000cc11000000] [id=20080]
  0x000001f2ef51c980 ConcurrentGCThread "G1 Refine#0" [stack: 0x000000cc0f300000,0x000000cc0f400000] [id=20256]
  0x000001f29470a5e0 ConcurrentGCThread "G1 Refine#1" [stack: 0x000000cc10e00000,0x000000cc10f00000] [id=21284]
  0x000001f2ef51d240 ConcurrentGCThread "G1 Service" [stack: 0x000000cc0f400000,0x000000cc0f500000] [id=5436]

Threads with active compile tasks:

VM state: not at safepoint (normal execution)

VM Mutex/Monitor currently owned by a thread: None

Heap address: 0x0000000705000000, size: 4016 MB, Compressed Oops mode: Zero based, Oop shift amount: 3

CDS archive(s) not mapped
Compressed class space mapped at: 0x0000000800000000-0x0000000840000000, reserved size: 1073741824
Narrow klass base: 0x0000000800000000, Narrow klass shift: 0, Narrow klass range: 0x40000000

GC Precious Log:
 CPUs: 8 total, 8 available
 Memory: 16057M
 Large Page Support: Disabled
 NUMA Support: Disabled
 Compressed Oops: Enabled (Zero based)
 Heap Region Size: 2M
 Heap Min Capacity: 8M
 Heap Initial Capacity: 252M
 Heap Max Capacity: 4016M
 Pre-touch: Disabled
 Parallel Workers: 8
 Concurrent Workers: 2
 Concurrent Refinement Workers: 8
 Periodic GC: Disabled

Heap:
 garbage-first heap   total 159744K, used 105550K [0x0000000705000000, 0x0000000800000000)
  region size 2048K, 32 young (65536K), 3 survivors (6144K)
 Metaspace       used 83496K, committed 84032K, reserved 1122304K
  class space    used 10352K, committed 10624K, reserved 1048576K

Heap Regions: E=young(eden), S=young(survivor), O=old, HS=humongous(starts), HC=humongous(continues), CS=collection set, F=free, OA=open archive, CA=closed archive, TAMS=top-at-mark-start (previous, next)
|   0|0x0000000705000000, 0x0000000705200000, 0x0000000705200000|100%| O|  |TAMS 0x0000000705200000, 0x0000000705000000| Untracked 
|   1|0x0000000705200000, 0x0000000705400000, 0x0000000705400000|100%| O|  |TAMS 0x0000000705400000, 0x0000000705200000| Untracked 
|   2|0x0000000705400000, 0x0000000705600000, 0x0000000705600000|100%| O|  |TAMS 0x0000000705600000, 0x0000000705400000| Untracked 
|   3|0x0000000705600000, 0x0000000705800000, 0x0000000705800000|100%| O|  |TAMS 0x0000000705800000, 0x0000000705600000| Untracked 
|   4|0x0000000705800000, 0x0000000705a00000, 0x0000000705a00000|100%| O|  |TAMS 0x0000000705a00000, 0x0000000705800000| Untracked 
|   5|0x0000000705a00000, 0x0000000705c00000, 0x0000000705c00000|100%| O|  |TAMS 0x0000000705a00000, 0x0000000705a00000| Untracked 
|   6|0x0000000705c00000, 0x0000000705e00000, 0x0000000705e00000|100%| O|  |TAMS 0x0000000705e00000, 0x0000000705c00000| Untracked 
|   7|0x0000000705e00000, 0x0000000706000000, 0x0000000706000000|100%| O|  |TAMS 0x0000000706000000, 0x0000000705e00000| Untracked 
|   8|0x0000000706000000, 0x0000000706200000, 0x0000000706200000|100%| O|  |TAMS 0x0000000706200000, 0x0000000706000000| Untracked 
|   9|0x0000000706200000, 0x0000000706400000, 0x0000000706400000|100%| O|  |TAMS 0x0000000706400000, 0x0000000706200000| Untracked 
|  10|0x0000000706400000, 0x0000000706600000, 0x0000000706600000|100%| O|  |TAMS 0x00000007065a3c00, 0x0000000706400000| Untracked 
|  11|0x0000000706600000, 0x0000000706800000, 0x0000000706800000|100%| O|  |TAMS 0x0000000706600000, 0x0000000706600000| Untracked 
|  12|0x0000000706800000, 0x0000000706a00000, 0x0000000706a00000|100%| O|  |TAMS 0x0000000706800000, 0x0000000706800000| Untracked 
|  13|0x0000000706a00000, 0x0000000706c00000, 0x0000000706c00000|100%| O|  |TAMS 0x0000000706a00000, 0x0000000706a00000| Untracked 
|  14|0x0000000706c00000, 0x0000000706e00000, 0x0000000706e00000|100%| O|  |TAMS 0x0000000706c00000, 0x0000000706c00000| Untracked 
|  15|0x0000000706e00000, 0x0000000707000000, 0x0000000707000000|100%| O|  |TAMS 0x0000000706e00000, 0x0000000706e00000| Untracked 
|  16|0x0000000707000000, 0x0000000707200000, 0x0000000707200000|100%| O|  |TAMS 0x0000000707000000, 0x0000000707000000| Untracked 
|  17|0x0000000707200000, 0x0000000707400000, 0x0000000707400000|100%| O|  |TAMS 0x0000000707200000, 0x0000000707200000| Untracked 
|  18|0x0000000707400000, 0x0000000707600000, 0x0000000707600000|100%| O|  |TAMS 0x0000000707400000, 0x0000000707400000| Untracked 
|  19|0x0000000707600000, 0x0000000707800000, 0x0000000707800000|100%| O|  |TAMS 0x0000000707600000, 0x0000000707600000| Untracked 
|  20|0x0000000707800000, 0x0000000707a00000, 0x0000000707a00000|100%| O|  |TAMS 0x0000000707800000, 0x0000000707800000| Untracked 
|  21|0x0000000707a00000, 0x0000000707a00000, 0x0000000707c00000|  0%| F|  |TAMS 0x0000000707a00000, 0x0000000707a00000| Untracked 
|  22|0x0000000707c00000, 0x0000000707c00000, 0x0000000707e00000|  0%| F|  |TAMS 0x0000000707c00000, 0x0000000707c00000| Untracked 
|  23|0x0000000707e00000, 0x0000000707ef6e00, 0x0000000708000000| 48%| O|  |TAMS 0x0000000707e00000, 0x0000000707e00000| Untracked 
|  24|0x0000000708000000, 0x0000000708000000, 0x0000000708200000|  0%| F|  |TAMS 0x0000000708000000, 0x0000000708000000| Untracked 
|  25|0x0000000708200000, 0x0000000708200000, 0x0000000708400000|  0%| F|  |TAMS 0x0000000708200000, 0x0000000708200000| Untracked 
|  26|0x0000000708400000, 0x0000000708400000, 0x0000000708600000|  0%| F|  |TAMS 0x0000000708400000, 0x0000000708400000| Untracked 
|  27|0x0000000708600000, 0x0000000708600000, 0x0000000708800000|  0%| F|  |TAMS 0x0000000708600000, 0x0000000708600000| Untracked 
|  28|0x0000000708800000, 0x0000000708800000, 0x0000000708a00000|  0%| F|  |TAMS 0x0000000708800000, 0x0000000708800000| Untracked 
|  29|0x0000000708a00000, 0x0000000708a00000, 0x0000000708c00000|  0%| F|  |TAMS 0x0000000708a00000, 0x0000000708a00000| Untracked 
|  30|0x0000000708c00000, 0x0000000708c00000, 0x0000000708e00000|  0%| F|  |TAMS 0x0000000708c00000, 0x0000000708c00000| Untracked 
|  31|0x0000000708e00000, 0x0000000708e00000, 0x0000000709000000|  0%| F|  |TAMS 0x0000000708e00000, 0x0000000708e00000| Untracked 
|  32|0x0000000709000000, 0x0000000709000000, 0x0000000709200000|  0%| F|  |TAMS 0x0000000709000000, 0x0000000709000000| Untracked 
|  33|0x0000000709200000, 0x0000000709200000, 0x0000000709400000|  0%| F|  |TAMS 0x0000000709200000, 0x0000000709200000| Untracked 
|  34|0x0000000709400000, 0x0000000709400000, 0x0000000709600000|  0%| F|  |TAMS 0x0000000709400000, 0x0000000709400000| Untracked 
|  35|0x0000000709600000, 0x0000000709600000, 0x0000000709800000|  0%| F|  |TAMS 0x0000000709600000, 0x0000000709600000| Untracked 
|  36|0x0000000709800000, 0x000000070981cc70, 0x0000000709a00000|  5%| S|CS|TAMS 0x0000000709800000, 0x0000000709800000| Complete 
|  37|0x0000000709a00000, 0x0000000709c00000, 0x0000000709c00000|100%| S|CS|TAMS 0x0000000709a00000, 0x0000000709a00000| Complete 
|  38|0x0000000709c00000, 0x0000000709e00000, 0x0000000709e00000|100%| S|CS|TAMS 0x0000000709c00000, 0x0000000709c00000| Complete 
|  39|0x0000000709e00000, 0x0000000709e00000, 0x000000070a000000|  0%| F|  |TAMS 0x0000000709e00000, 0x0000000709e00000| Untracked 
|  40|0x000000070a000000, 0x000000070a000000, 0x000000070a200000|  0%| F|  |TAMS 0x000000070a000000, 0x000000070a000000| Untracked 
|  41|0x000000070a200000, 0x000000070a200000, 0x000000070a400000|  0%| F|  |TAMS 0x000000070a200000, 0x000000070a200000| Untracked 
|  42|0x000000070a400000, 0x000000070a400000, 0x000000070a600000|  0%| F|  |TAMS 0x000000070a400000, 0x000000070a400000| Untracked 
|  43|0x000000070a600000, 0x000000070a600000, 0x000000070a800000|  0%| F|  |TAMS 0x000000070a600000, 0x000000070a600000| Untracked 
|  44|0x000000070a800000, 0x000000070a800000, 0x000000070aa00000|  0%| F|  |TAMS 0x000000070a800000, 0x000000070a800000| Untracked 
|  45|0x000000070aa00000, 0x000000070aa00000, 0x000000070ac00000|  0%| F|  |TAMS 0x000000070aa00000, 0x000000070aa00000| Untracked 
|  46|0x000000070ac00000, 0x000000070ac00000, 0x000000070ae00000|  0%| F|  |TAMS 0x000000070ac00000, 0x000000070ac00000| Untracked 
|  47|0x000000070ae00000, 0x000000070ae00000, 0x000000070b000000|  0%| F|  |TAMS 0x000000070ae00000, 0x000000070ae00000| Untracked 
|  48|0x000000070b000000, 0x000000070b000000, 0x000000070b200000|  0%| F|  |TAMS 0x000000070b000000, 0x000000070b000000| Untracked 
|  49|0x000000070b200000, 0x000000070b30ae18, 0x000000070b400000| 52%| E|  |TAMS 0x000000070b200000, 0x000000070b200000| Complete 
|  50|0x000000070b400000, 0x000000070b600000, 0x000000070b600000|100%| E|CS|TAMS 0x000000070b400000, 0x000000070b400000| Complete 
|  51|0x000000070b600000, 0x000000070b800000, 0x000000070b800000|100%| E|CS|TAMS 0x000000070b600000, 0x000000070b600000| Complete 
|  52|0x000000070b800000, 0x000000070ba00000, 0x000000070ba00000|100%| E|CS|TAMS 0x000000070b800000, 0x000000070b800000| Complete 
|  53|0x000000070ba00000, 0x000000070bc00000, 0x000000070bc00000|100%| E|CS|TAMS 0x000000070ba00000, 0x000000070ba00000| Complete 
|  54|0x000000070bc00000, 0x000000070be00000, 0x000000070be00000|100%| E|CS|TAMS 0x000000070bc00000, 0x000000070bc00000| Complete 
|  55|0x000000070be00000, 0x000000070c000000, 0x000000070c000000|100%| E|CS|TAMS 0x000000070be00000, 0x000000070be00000| Complete 
|  56|0x000000070c000000, 0x000000070c200000, 0x000000070c200000|100%| E|CS|TAMS 0x000000070c000000, 0x000000070c000000| Complete 
|  57|0x000000070c200000, 0x000000070c400000, 0x000000070c400000|100%| E|CS|TAMS 0x000000070c200000, 0x000000070c200000| Complete 
|  58|0x000000070c400000, 0x000000070c600000, 0x000000070c600000|100%| E|CS|TAMS 0x000000070c400000, 0x000000070c400000| Complete 
|  59|0x000000070c600000, 0x000000070c800000, 0x000000070c800000|100%| E|CS|TAMS 0x000000070c600000, 0x000000070c600000| Complete 
|  60|0x000000070c800000, 0x000000070ca00000, 0x000000070ca00000|100%| E|CS|TAMS 0x000000070c800000, 0x000000070c800000| Complete 
|  61|0x000000070ca00000, 0x000000070cc00000, 0x000000070cc00000|100%| E|CS|TAMS 0x000000070ca00000, 0x000000070ca00000| Complete 
|  62|0x000000070cc00000, 0x000000070ce00000, 0x000000070ce00000|100%| E|CS|TAMS 0x000000070cc00000, 0x000000070cc00000| Complete 
|  63|0x000000070ce00000, 0x000000070d000000, 0x000000070d000000|100%| E|CS|TAMS 0x000000070ce00000, 0x000000070ce00000| Complete 
|  64|0x000000070d000000, 0x000000070d200000, 0x000000070d200000|100%| E|CS|TAMS 0x000000070d000000, 0x000000070d000000| Complete 
|  65|0x000000070d200000, 0x000000070d400000, 0x000000070d400000|100%| E|CS|TAMS 0x000000070d200000, 0x000000070d200000| Complete 
|  66|0x000000070d400000, 0x000000070d600000, 0x000000070d600000|100%| E|CS|TAMS 0x000000070d400000, 0x000000070d400000| Complete 
|  67|0x000000070d600000, 0x000000070d800000, 0x000000070d800000|100%| E|CS|TAMS 0x000000070d600000, 0x000000070d600000| Complete 
|  68|0x000000070d800000, 0x000000070da00000, 0x000000070da00000|100%| E|CS|TAMS 0x000000070d800000, 0x000000070d800000| Complete 
|  69|0x000000070da00000, 0x000000070dc00000, 0x000000070dc00000|100%| E|CS|TAMS 0x000000070da00000, 0x000000070da00000| Complete 
|  70|0x000000070dc00000, 0x000000070de00000, 0x000000070de00000|100%| E|CS|TAMS 0x000000070dc00000, 0x000000070dc00000| Complete 
|  71|0x000000070de00000, 0x000000070e000000, 0x000000070e000000|100%| E|CS|TAMS 0x000000070de00000, 0x000000070de00000| Complete 
|  72|0x000000070e000000, 0x000000070e200000, 0x000000070e200000|100%| E|CS|TAMS 0x000000070e000000, 0x000000070e000000| Complete 
|  73|0x000000070e200000, 0x000000070e400000, 0x000000070e400000|100%| E|CS|TAMS 0x000000070e200000, 0x000000070e200000| Complete 
|  74|0x000000070e400000, 0x000000070e600000, 0x000000070e600000|100%| E|CS|TAMS 0x000000070e400000, 0x000000070e400000| Complete 
|  75|0x000000070e600000, 0x000000070e800000, 0x000000070e800000|100%| E|CS|TAMS 0x000000070e600000, 0x000000070e600000| Complete 
|  76|0x000000070e800000, 0x000000070ea00000, 0x000000070ea00000|100%| E|CS|TAMS 0x000000070e800000, 0x000000070e800000| Complete 
| 125|0x0000000714a00000, 0x0000000714c00000, 0x0000000714c00000|100%| E|CS|TAMS 0x0000000714a00000, 0x0000000714a00000| Complete 

Card table byte_map: [0x000001f2f3640000,0x000001f2f3e20000] _byte_map_base: 0x000001f2efe18000

Marking Bits (Prev, Next): (CMBitMap*) 0x000001f2ef4304e0, (CMBitMap*) 0x000001f2ef4304a0
 Prev Bits: [0x000001f2f84c0000, 0x000001f2fc380000)
 Next Bits: [0x000001f2f4600000, 0x000001f2f84c0000)

Polling page: 0x000001f2ee6e0000

Metaspace:

Usage:
  Non-class:     71.43 MB used.
      Class:     10.11 MB used.
       Both:     81.54 MB used.

Virtual space:
  Non-class space:       72.00 MB reserved,      71.69 MB (>99%) committed,  9 nodes.
      Class space:        1.00 GB reserved,      10.38 MB (  1%) committed,  1 nodes.
             Both:        1.07 GB reserved,      82.06 MB (  7%) committed. 

Chunk freelists:
   Non-Class:  16.00 KB
       Class:  1.67 MB
        Both:  1.69 MB

MaxMetaspaceSize: unlimited
CompressedClassSpaceSize: 1.00 GB
Initial GC threshold: 21.00 MB
Current GC threshold: 99.19 MB
CDS: off
MetaspaceReclaimPolicy: balanced
 - commit_granule_bytes: 65536.
 - commit_granule_words: 8192.
 - virtual_space_node_default_size: 1048576.
 - enlarge_chunks_in_place: 1.
 - new_chunks_are_fully_committed: 0.
 - uncommit_free_chunks: 1.
 - use_allocation_guard: 0.
 - handle_deallocations: 1.


Internal statistics:

num_allocs_failed_limit: 13.
num_arena_births: 666.
num_arena_deaths: 0.
num_vsnodes_births: 10.
num_vsnodes_deaths: 0.
num_space_committed: 1313.
num_space_uncommitted: 0.
num_chunks_returned_to_freelist: 13.
num_chunks_taken_from_freelist: 3498.
num_chunk_merges: 13.
num_chunk_splits: 2437.
num_chunks_enlarged: 1882.
num_purges: 0.
num_inconsistent_stats: 0.

CodeHeap 'non-profiled nmethods': size=120000Kb used=7130Kb max_used=7130Kb free=112869Kb
 bounds [0x000001f287ad0000, 0x000001f2881d0000, 0x000001f28f000000]
CodeHeap 'profiled nmethods': size=120000Kb used=18370Kb max_used=18370Kb free=101629Kb
 bounds [0x000001f2805a0000, 0x000001f2817a0000, 0x000001f287ad0000]
CodeHeap 'non-nmethods': size=5760Kb used=1425Kb max_used=1499Kb free=4334Kb
 bounds [0x000001f280000000, 0x000001f280270000, 0x000001f2805a0000]
 total_blobs=9745 nmethods=9076 adapters=580
 compilation: enabled
              stopped_count=0, restarted_count=0
 full_count=0

Compilation events (20 events):
Event: 1078.108 Thread 0x000001f2fedc4ff0 nmethod 10201 0x000001f28178e490 code [0x000001f28178e620, 0x000001f28178e738]
Event: 1078.109 Thread 0x000001f2fedc5f20 nmethod 10198 0x000001f2881c5610 code [0x000001f2881c57a0, 0x000001f2881c5b78]
Event: 1084.089 Thread 0x000001f2fedc5f20 10202       4       java.util.concurrent.locks.ReentrantLock$Sync::isHeldExclusively (16 bytes)
Event: 1084.090 Thread 0x000001f2fedc5f20 nmethod 10202 0x000001f2881c5d10 code [0x000001f2881c5e80, 0x000001f2881c5f38]
Event: 1085.157 Thread 0x000001f2fedc4ff0 10203       3       org.quartz.impl.jdbcjobstore.JobStoreSupport::getMisfireTime (32 bytes)
Event: 1085.157 Thread 0x000001f2fedc4ff0 nmethod 10203 0x000001f28178e810 code [0x000001f28178e9c0, 0x000001f28178ecf8]
Event: 1093.921 Thread 0x000001f2fedc4ff0 10204       3       java.lang.Thread::setContextClassLoader (28 bytes)
Event: 1093.922 Thread 0x000001f2fedc4ff0 nmethod 10204 0x000001f28178ed90 code [0x000001f28178efa0, 0x000001f28178f5f8]
Event: 1098.756 Thread 0x000001f2fedc5f20 10205       4       java.util.concurrent.TimeUnit::toNanos (45 bytes)
Event: 1098.757 Thread 0x000001f2fedc5f20 nmethod 10205 0x000001f2881c6010 code [0x000001f2881c6180, 0x000001f2881c6278]
Event: 1098.813 Thread 0x000001f2fedc4ff0 10206       3       java.text.Format::format (24 bytes)
Event: 1098.814 Thread 0x000001f2fedc4ff0 nmethod 10206 0x000001f28178f810 code [0x000001f28178f9e0, 0x000001f28178fe28]
Event: 1102.072 Thread 0x000001f2fedc4ff0 10207       3       com.zaxxer.hikari.pool.HikariProxyResultSet::close (13 bytes)
Event: 1102.073 Thread 0x000001f2fedc4ff0 nmethod 10207 0x000001f281790010 code [0x000001f2817901c0, 0x000001f2817904a8]
Event: 1106.831 Thread 0x000001f2fedc5f20 10208       4       java.util.concurrent.locks.LockSupport::setBlocker (12 bytes)
Event: 1106.833 Thread 0x000001f2fedc5f20 nmethod 10208 0x000001f2881c6310 code [0x000001f2881c6480, 0x000001f2881c6598]
Event: 1114.090 Thread 0x000001f2fedc4ff0 10209       1       com.zaxxer.hikari.HikariConfig::getMaximumPoolSize (5 bytes)
Event: 1114.090 Thread 0x000001f2fedc4ff0 nmethod 10209 0x000001f2881c6610 code [0x000001f2881c67a0, 0x000001f2881c6878]
Event: 1123.924 Thread 0x000001f2fedc4ff0 10210       3       java.util.concurrent.locks.AbstractQueuedSynchronizer::acquireShared (20 bytes)
Event: 1123.924 Thread 0x000001f2fedc4ff0 nmethod 10210 0x000001f281790590 code [0x000001f281790740, 0x000001f2817909b8]

GC Heap History (20 events):
Event: 7.015 GC heap before
{Heap before GC invocations=18 (full 0):
 garbage-first heap   total 102400K, used 81287K [0x0000000705000000, 0x0000000800000000)
  region size 2048K, 30 young (61440K), 3 survivors (6144K)
 Metaspace       used 64027K, committed 64384K, reserved 1105920K
  class space    used 7895K, committed 8064K, reserved 1048576K
}
Event: 7.019 GC heap after
{Heap after GC invocations=19 (full 0):
 garbage-first heap   total 102400K, used 27858K [0x0000000705000000, 0x0000000800000000)
  region size 2048K, 3 young (6144K), 3 survivors (6144K)
 Metaspace       used 64027K, committed 64384K, reserved 1105920K
  class space    used 7895K, committed 8064K, reserved 1048576K
}
Event: 7.034 GC heap before
{Heap before GC invocations=19 (full 0):
 garbage-first heap   total 102400K, used 27858K [0x0000000705000000, 0x0000000800000000)
  region size 2048K, 4 young (8192K), 3 survivors (6144K)
 Metaspace       used 64079K, committed 64448K, reserved 1105920K
  class space    used 7902K, committed 8064K, reserved 1048576K
}
Event: 7.038 GC heap after
{Heap after GC invocations=20 (full 0):
 garbage-first heap   total 102400K, used 28344K [0x0000000705000000, 0x0000000800000000)
  region size 2048K, 1 young (2048K), 1 survivors (2048K)
 Metaspace       used 64079K, committed 64448K, reserved 1105920K
  class space    used 7902K, committed 8064K, reserved 1048576K
}
Event: 7.350 GC heap before
{Heap before GC invocations=20 (full 0):
 garbage-first heap   total 102400K, used 81592K [0x0000000705000000, 0x0000000800000000)
  region size 2048K, 27 young (55296K), 1 survivors (2048K)
 Metaspace       used 66465K, committed 66816K, reserved 1114112K
  class space    used 8165K, committed 8320K, reserved 1048576K
}
Event: 7.353 GC heap after
{Heap after GC invocations=21 (full 0):
 garbage-first heap   total 102400K, used 30103K [0x0000000705000000, 0x0000000800000000)
  region size 2048K, 2 young (4096K), 2 survivors (4096K)
 Metaspace       used 66465K, committed 66816K, reserved 1114112K
  class space    used 8165K, committed 8320K, reserved 1048576K
}
Event: 16.607 GC heap before
{Heap before GC invocations=21 (full 0):
 garbage-first heap   total 102400K, used 79255K [0x0000000705000000, 0x0000000800000000)
  region size 2048K, 27 young (55296K), 2 survivors (4096K)
 Metaspace       used 70944K, committed 71360K, reserved 1114112K
  class space    used 8704K, committed 8896K, reserved 1048576K
}
Event: 16.611 GC heap after
{Heap after GC invocations=22 (full 0):
 garbage-first heap   total 102400K, used 32641K [0x0000000705000000, 0x0000000800000000)
  region size 2048K, 3 young (6144K), 3 survivors (6144K)
 Metaspace       used 70944K, committed 71360K, reserved 1114112K
  class space    used 8704K, committed 8896K, reserved 1048576K
}
Event: 17.075 GC heap before
{Heap before GC invocations=22 (full 0):
 garbage-first heap   total 102400K, used 81793K [0x0000000705000000, 0x0000000800000000)
  region size 2048K, 27 young (55296K), 3 survivors (6144K)
 Metaspace       used 72773K, committed 73216K, reserved 1114112K
  class space    used 8937K, committed 9152K, reserved 1048576K
}
Event: 17.080 GC heap after
{Heap after GC invocations=23 (full 0):
 garbage-first heap   total 102400K, used 36573K [0x0000000705000000, 0x0000000800000000)
  region size 2048K, 4 young (8192K), 4 survivors (8192K)
 Metaspace       used 72773K, committed 73216K, reserved 1114112K
  class space    used 8937K, committed 9152K, reserved 1048576K
}
Event: 17.442 GC heap before
{Heap before GC invocations=23 (full 0):
 garbage-first heap   total 102400K, used 81629K [0x0000000705000000, 0x0000000800000000)
  region size 2048K, 26 young (53248K), 4 survivors (8192K)
 Metaspace       used 74874K, committed 75264K, reserved 1122304K
  class space    used 9239K, committed 9408K, reserved 1048576K
}
Event: 17.447 GC heap after
{Heap after GC invocations=24 (full 0):
 garbage-first heap   total 102400K, used 39766K [0x0000000705000000, 0x0000000800000000)
  region size 2048K, 4 young (8192K), 4 survivors (8192K)
 Metaspace       used 74874K, committed 75264K, reserved 1122304K
  class space    used 9239K, committed 9408K, reserved 1048576K
}
Event: 17.805 GC heap before
{Heap before GC invocations=24 (full 0):
 garbage-first heap   total 102400K, used 82774K [0x0000000705000000, 0x0000000800000000)
  region size 2048K, 25 young (51200K), 4 survivors (8192K)
 Metaspace       used 76248K, committed 76672K, reserved 1122304K
  class space    used 9437K, committed 9600K, reserved 1048576K
}
Event: 17.809 GC heap after
{Heap after GC invocations=25 (full 0):
 garbage-first heap   total 102400K, used 44508K [0x0000000705000000, 0x0000000800000000)
  region size 2048K, 4 young (8192K), 4 survivors (8192K)
 Metaspace       used 76248K, committed 76672K, reserved 1122304K
  class space    used 9437K, committed 9600K, reserved 1048576K
}
Event: 18.078 GC heap before
{Heap before GC invocations=25 (full 0):
 garbage-first heap   total 102400K, used 83420K [0x0000000705000000, 0x0000000800000000)
  region size 2048K, 23 young (47104K), 4 survivors (8192K)
 Metaspace       used 78255K, committed 78720K, reserved 1122304K
  class space    used 9781K, committed 9984K, reserved 1048576K
}
Event: 18.082 GC heap after
{Heap after GC invocations=26 (full 0):
 garbage-first heap   total 102400K, used 45908K [0x0000000705000000, 0x0000000800000000)
  region size 2048K, 1 young (2048K), 1 survivors (2048K)
 Metaspace       used 78255K, committed 78720K, reserved 1122304K
  class space    used 9781K, committed 9984K, reserved 1048576K
}
Event: 18.253 GC heap before
{Heap before GC invocations=26 (full 0):
 garbage-first heap   total 102400K, used 82772K [0x0000000705000000, 0x0000000800000000)
  region size 2048K, 19 young (38912K), 1 survivors (2048K)
 Metaspace       used 79096K, committed 79488K, reserved 1122304K
  class space    used 9916K, committed 10112K, reserved 1048576K
}
Event: 18.255 GC heap after
{Heap after GC invocations=27 (full 0):
 garbage-first heap   total 159744K, used 46318K [0x0000000705000000, 0x0000000800000000)
  region size 2048K, 2 young (4096K), 2 survivors (4096K)
 Metaspace       used 79096K, committed 79488K, reserved 1122304K
  class space    used 9916K, committed 10112K, reserved 1048576K
}
Event: 18.557 GC heap before
{Heap before GC invocations=27 (full 0):
 garbage-first heap   total 159744K, used 126190K [0x0000000705000000, 0x0000000800000000)
  region size 2048K, 41 young (83968K), 2 survivors (4096K)
 Metaspace       used 79595K, committed 80000K, reserved 1122304K
  class space    used 9935K, committed 10112K, reserved 1048576K
}
Event: 18.559 GC heap after
{Heap after GC invocations=28 (full 0):
 garbage-first heap   total 159744K, used 48206K [0x0000000705000000, 0x0000000800000000)
  region size 2048K, 3 young (6144K), 3 survivors (6144K)
 Metaspace       used 79595K, committed 80000K, reserved 1122304K
  class space    used 9935K, committed 10112K, reserved 1048576K
}

Deoptimization events (20 events):
Event: 894.251 Thread 0x000001f29d8bdeb0 DEOPT PACKING pc=0x000001f281746dd4 sp=0x000000cc124fdcb0
Event: 894.251 Thread 0x000001f29d8bdeb0 DEOPT UNPACKING pc=0x000001f280056763 sp=0x000000cc124fd110 mode 1
Event: 894.253 Thread 0x000001f29d8bdeb0 DEOPT PACKING pc=0x000001f2817437a4 sp=0x000000cc124fdd30
Event: 894.253 Thread 0x000001f29d8bdeb0 DEOPT UNPACKING pc=0x000001f280056763 sp=0x000000cc124fd218 mode 1
Event: 894.253 Thread 0x000001f29d8bdeb0 DEOPT PACKING pc=0x000001f281700ddc sp=0x000000cc124fddf0
Event: 894.253 Thread 0x000001f29d8bdeb0 DEOPT UNPACKING pc=0x000001f280056763 sp=0x000000cc124fd298 mode 1
Event: 894.253 Thread 0x000001f29d8bdeb0 DEOPT PACKING pc=0x000001f281740f94 sp=0x000000cc124fde40
Event: 894.253 Thread 0x000001f29d8bdeb0 DEOPT UNPACKING pc=0x000001f280056763 sp=0x000000cc124fd310 mode 1
Event: 894.253 Thread 0x000001f29d8bdeb0 Uncommon trap: trap_request=0xffffff97 fr.pc=0x000001f287e89a8c relative=0x000000000000014c
Event: 894.253 Thread 0x000001f29d8bdeb0 Uncommon trap: reason=unhandled action=none pc=0x000001f287e89a8c method=jdk.internal.loader.BuiltinClassLoader.loadClass(Ljava/lang/String;Z)Ljava/lang/Class; @ 19 c2
Event: 894.253 Thread 0x000001f29d8bdeb0 DEOPT PACKING pc=0x000001f287e89a8c sp=0x000000cc124fd450
Event: 894.253 Thread 0x000001f29d8bdeb0 DEOPT UNPACKING pc=0x000001f280055c23 sp=0x000000cc124fd318 mode 2
Event: 894.253 Thread 0x000001f29d8bdeb0 DEOPT PACKING pc=0x000001f280beedf4 sp=0x000000cc124fde40
Event: 894.253 Thread 0x000001f29d8bdeb0 DEOPT UNPACKING pc=0x000001f280056763 sp=0x000000cc124fd310 mode 1
Event: 988.453 Thread 0x000001f29d8be850 DEOPT PACKING pc=0x000001f2816e9d15 sp=0x000000cc11afece0
Event: 988.453 Thread 0x000001f29d8be850 DEOPT UNPACKING pc=0x000001f280056763 sp=0x000000cc11afe270 mode 0
Event: 992.909 Thread 0x000001f28f193dc0 Uncommon trap: trap_request=0xffffff45 fr.pc=0x000001f287e8e8c4 relative=0x00000000000002a4
Event: 992.909 Thread 0x000001f28f193dc0 Uncommon trap: reason=unstable_if action=reinterpret pc=0x000001f287e8e8c4 method=sun.instrument.InstrumentationImpl.transform(Ljava/lang/Module;Ljava/lang/ClassLoader;Ljava/lang/String;Ljava/lang/Class;Ljava/security/ProtectionDomain;[BZ)[B @ 24 c2
Event: 992.909 Thread 0x000001f28f193dc0 DEOPT PACKING pc=0x000001f287e8e8c4 sp=0x000000cc101fe490
Event: 992.909 Thread 0x000001f28f193dc0 DEOPT UNPACKING pc=0x000001f280055c23 sp=0x000000cc101fe4e8 mode 2

Classes unloaded (0 events):
No events

Classes redefined (2 events):
Event: 992.922 Thread 0x000001f2fed8f450 redefined class name=com.mymes.equip.tc.interfs.impl.InterfaceServiceImpl, count=1
Event: 1016.597 Thread 0x000001f2fed8f450 redefined class name=com.mymes.equip.tc.interfs.impl.InterfaceServiceImpl, count=2

Internal exceptions (20 events):
Event: 50.336 Thread 0x000001f29d8bf6c0 Exception <a 'java/lang/ClassNotFoundException'{0x000000070c7be8a8}: com/mymes/equip/tc/interfs/impl/InterfaceEntityCustomizer> (0x000000070c7be8a8) 
thrown [s\src\hotspot\share\classfile\systemDictionary.cpp, line 256]
Event: 50.374 Thread 0x000001f29d8bf6c0 Exception <a 'java/lang/ClassNotFoundException'{0x000000070c307c58}: java/lang/ObjectCustomizer> (0x000000070c307c58) 
thrown [s\src\hotspot\share\classfile\systemDictionary.cpp, line 256]
Event: 50.376 Thread 0x000001f29d8bf6c0 Exception <a 'java/lang/ClassNotFoundException'{0x000000070c314058}: com/mymes/equip/tc/persist/PersistentEntityCustomizer> (0x000000070c314058) 
thrown [s\src\hotspot\share\classfile\systemDictionary.cpp, line 256]
Event: 50.377 Thread 0x000001f29d8bf6c0 Exception <a 'java/lang/ClassNotFoundException'{0x000000070c325588}: com/mymes/equip/tc/msg/audit/impl/ExchangedMessageAuditEntityCustomizer> (0x000000070c325588) 
thrown [s\src\hotspot\share\classfile\systemDictionary.cpp, line 256]
Event: 50.412 Thread 0x000001f29d8bf6c0 Exception <a 'java/lang/ClassNotFoundException'{0x000000070bf012c8}: java/lang/ObjectCustomizer> (0x000000070bf012c8) 
thrown [s\src\hotspot\share\classfile\systemDictionary.cpp, line 256]
Event: 50.414 Thread 0x000001f29d8bf6c0 Exception <a 'java/lang/ClassNotFoundException'{0x000000070bf0d430}: com/mymes/equip/tc/persist/PersistentEntityCustomizer> (0x000000070bf0d430) 
thrown [s\src\hotspot\share\classfile\systemDictionary.cpp, line 256]
Event: 50.415 Thread 0x000001f29d8bf6c0 Exception <a 'java/lang/ClassNotFoundException'{0x000000070bf1e6d0}: com/mymes/equip/tc/plc/service/impl/PlcEntityCustomizer> (0x000000070bf1e6d0) 
thrown [s\src\hotspot\share\classfile\systemDictionary.cpp, line 256]
Event: 50.428 Thread 0x000001f29d8bf6c0 Exception <a 'java/lang/reflect/InvocationTargetException'{0x000000070bfdfed8}> (0x000000070bfdfed8) 
thrown [s\src\hotspot\share\runtime\reflection.cpp, line 1121]
Event: 50.431 Thread 0x000001f29d8bf6c0 Exception <a 'java/lang/reflect/InvocationTargetException'{0x000000070bc17518}> (0x000000070bc17518) 
thrown [s\src\hotspot\share\runtime\reflection.cpp, line 1121]
Event: 50.435 Thread 0x000001f29d8bf6c0 Exception <a 'java/lang/NoClassDefFoundError'{0x000000070bc74738}: sun/reflect/Reflection> (0x000000070bc74738) 
thrown [s\src\hotspot\share\classfile\systemDictionary.cpp, line 245]
Event: 179.392 Thread 0x000001f29d8bfb90 Exception <a 'java/lang/reflect/InvocationTargetException'{0x000000070bbacaf8}> (0x000000070bbacaf8) 
thrown [s\src\hotspot\share\runtime\reflection.cpp, line 1121]
Event: 179.411 Thread 0x000001f29d8bfb90 Exception <a 'java/lang/reflect/InvocationTargetException'{0x000000070bbae640}> (0x000000070bbae640) 
thrown [s\src\hotspot\share\runtime\reflection.cpp, line 1121]
Event: 254.154 Thread 0x000001f29d8c0060 Exception <a 'java/lang/reflect/InvocationTargetException'{0x000000070b854410}> (0x000000070b854410) 
thrown [s\src\hotspot\share\runtime\reflection.cpp, line 1121]
Event: 254.168 Thread 0x000001f29d8c0060 Exception <a 'java/lang/reflect/InvocationTargetException'{0x000000070b855f58}> (0x000000070b855f58) 
thrown [s\src\hotspot\share\runtime\reflection.cpp, line 1121]
Event: 318.468 Thread 0x000001f29d8bd040 Exception <a 'java/lang/reflect/InvocationTargetException'{0x000000070b93c410}> (0x000000070b93c410) 
thrown [s\src\hotspot\share\runtime\reflection.cpp, line 1121]
Event: 318.483 Thread 0x000001f29d8bd040 Exception <a 'java/lang/reflect/InvocationTargetException'{0x000000070b93df58}> (0x000000070b93df58) 
thrown [s\src\hotspot\share\runtime\reflection.cpp, line 1121]
Event: 610.711 Thread 0x000001f29d8bbd00 Exception <a 'java/lang/reflect/InvocationTargetException'{0x000000070b6a54e0}> (0x000000070b6a54e0) 
thrown [s\src\hotspot\share\runtime\reflection.cpp, line 1121]
Event: 611.327 Thread 0x000001f29d8bbd00 Exception <a 'java/lang/reflect/InvocationTargetException'{0x000000070b6a7028}> (0x000000070b6a7028) 
thrown [s\src\hotspot\share\runtime\reflection.cpp, line 1121]
Event: 686.493 Thread 0x000001f29d8bd510 Exception <a 'java/lang/reflect/InvocationTargetException'{0x000000070b4280e0}> (0x000000070b4280e0) 
thrown [s\src\hotspot\share\runtime\reflection.cpp, line 1121]
Event: 894.250 Thread 0x000001f29d8bdeb0 Exception <a 'java/lang/reflect/InvocationTargetException'{0x000000070b54aff0}> (0x000000070b54aff0) 
thrown [s\src\hotspot\share\runtime\reflection.cpp, line 1121]

VM Operations (20 events):
Event: 1128.558 Executing VM operation: GetObjectMonitorUsage
Event: 1128.558 Executing VM operation: GetObjectMonitorUsage done
Event: 1128.559 Executing VM operation: GetObjectMonitorUsage
Event: 1128.559 Executing VM operation: GetObjectMonitorUsage done
Event: 1128.559 Executing VM operation: GetObjectMonitorUsage
Event: 1128.559 Executing VM operation: GetObjectMonitorUsage done
Event: 1128.560 Executing VM operation: GetObjectMonitorUsage
Event: 1128.560 Executing VM operation: GetObjectMonitorUsage done
Event: 1128.560 Executing VM operation: GetObjectMonitorUsage
Event: 1128.560 Executing VM operation: GetObjectMonitorUsage done
Event: 1128.561 Executing VM operation: GetObjectMonitorUsage
Event: 1128.561 Executing VM operation: GetObjectMonitorUsage done
Event: 1128.561 Executing VM operation: GetObjectMonitorUsage
Event: 1128.561 Executing VM operation: GetObjectMonitorUsage done
Event: 1128.562 Executing VM operation: GetObjectMonitorUsage
Event: 1128.562 Executing VM operation: GetObjectMonitorUsage done
Event: 1128.562 Executing VM operation: GetObjectMonitorUsage
Event: 1128.562 Executing VM operation: GetObjectMonitorUsage done
Event: 1128.660 Executing VM operation: get/set locals
Event: 1128.660 Executing VM operation: get/set locals done

Events (20 events):
Event: 50.456 loading class java/util/stream/LongStream done
Event: 50.456 loading class java/util/stream/DoubleStream
Event: 50.456 loading class java/util/stream/DoubleStream done
Event: 50.461 loading class java/nio/StringCharBuffer
Event: 50.461 loading class java/nio/StringCharBuffer done
Event: 50.461 loading class sun/nio/cs/ISO_8859_1$Encoder
Event: 50.462 loading class sun/nio/cs/ISO_8859_1$Encoder done
Event: 50.462 loading class sun/nio/cs/Surrogate$Parser
Event: 50.462 loading class sun/nio/cs/Surrogate$Parser done
Event: 50.462 loading class sun/nio/cs/Surrogate
Event: 50.462 loading class sun/nio/cs/Surrogate done
Event: 51.831 Thread 0x000001f292324280 Thread exited: 0x000001f292324280
Event: 686.494 loading class jdk/internal/reflect/GeneratedMethodAccessor109
Event: 686.494 loading class jdk/internal/reflect/GeneratedMethodAccessor109 done
Event: 686.495 loading class jdk/internal/reflect/GeneratedMethodAccessor109
Event: 686.495 loading class jdk/internal/reflect/GeneratedMethodAccessor109 done
Event: 894.251 loading class jdk/internal/reflect/GeneratedMethodAccessor109
Event: 894.251 loading class jdk/internal/reflect/GeneratedMethodAccessor109 done
Event: 894.253 loading class jdk/internal/reflect/GeneratedMethodAccessor109
Event: 894.253 loading class jdk/internal/reflect/GeneratedMethodAccessor109 done


Dynamic libraries:
0x00007ff74d850000 - 0x00007ff74d85e000 	D:\Programs\eclipse-jee-2022-09-R-win32-x86_64\plugins\org.eclipse.justj.openjdk.hotspot.jre.full.win32.x86_64_17.0.4.v20220903-1038\jre\bin\javaw.exe
0x00007ffe10100000 - 0x00007ffe102f0000 	C:\Windows\SYSTEM32\ntdll.dll
0x00007ffe0fde0000 - 0x00007ffe0fe92000 	C:\Windows\System32\KERNEL32.DLL
0x00007ffe0da00000 - 0x00007ffe0dca5000 	C:\Windows\System32\KERNELBASE.dll
0x00007ffe05e40000 - 0x00007ffe05ecf000 	C:\Windows\SYSTEM32\apphelp.dll
0x00007ffe0def0000 - 0x00007ffe0dfea000 	C:\Windows\System32\ucrtbase.dll
0x00007ffdd6b80000 - 0x00007ffdd6b98000 	D:\Programs\eclipse-jee-2022-09-R-win32-x86_64\plugins\org.eclipse.justj.openjdk.hotspot.jre.full.win32.x86_64_17.0.4.v20220903-1038\jre\bin\jli.dll
0x00007ffe0ecb0000 - 0x00007ffe0ee44000 	C:\Windows\System32\USER32.dll
0x00007ffe0d0d0000 - 0x00007ffe0d0f1000 	C:\Windows\System32\win32u.dll
0x00007ffe0ff40000 - 0x00007ffe0ff66000 	C:\Windows\System32\GDI32.dll
0x00007ffe0dd50000 - 0x00007ffe0dee8000 	C:\Windows\System32\gdi32full.dll
0x00007ffe0dcb0000 - 0x00007ffe0dd4e000 	C:\Windows\System32\msvcp_win.dll
0x00007ffde8510000 - 0x00007ffde8529000 	D:\Programs\eclipse-jee-2022-09-R-win32-x86_64\plugins\org.eclipse.justj.openjdk.hotspot.jre.full.win32.x86_64_17.0.4.v20220903-1038\jre\bin\VCRUNTIME140.dll
0x00007ffdfcfa0000 - 0x00007ffdfd224000 	C:\Windows\WinSxS\amd64_microsoft.windows.common-controls_6595b64144ccf1df_6.0.18362.2274_none_9e8067a5e45c3d75\COMCTL32.dll
0x00007ffe10020000 - 0x00007ffe100be000 	C:\Windows\System32\msvcrt.dll
0x00007ffe0e1a0000 - 0x00007ffe0e4d6000 	C:\Windows\System32\combase.dll
0x00007ffe0fb80000 - 0x00007ffe0fc9b000 	C:\Windows\System32\RPCRT4.dll
0x00007ffe0e010000 - 0x00007ffe0e094000 	C:\Windows\System32\bcryptPrimitives.dll
0x00007ffe0e4e0000 - 0x00007ffe0e50e000 	C:\Windows\System32\IMM32.DLL
0x00007ffdf07a0000 - 0x00007ffdf0877000 	C:\Windows\incops3\ESDCNL64.dll
0x00007ffe0ee60000 - 0x00007ffe0ef05000 	C:\Windows\System32\ADVAPI32.dll
0x00007ffe0f090000 - 0x00007ffe0f128000 	C:\Windows\System32\sechost.dll
0x00007ffe0ba40000 - 0x00007ffe0ba71000 	C:\Windows\SYSTEM32\ntmarta.dll
0x00007ffde29c0000 - 0x00007ffde2aa1000 	C:\Windows\incops3\ESATM64.dll
0x00007ffe0f490000 - 0x00007ffe0fb77000 	C:\Windows\System32\SHELL32.dll
0x00007ffe0e150000 - 0x00007ffe0e19a000 	C:\Windows\System32\cfgmgr32.dll
0x000001f2ee140000 - 0x000001f2ee1e9000 	C:\Windows\System32\shcore.dll
0x00007ffe0d280000 - 0x00007ffe0d9fc000 	C:\Windows\System32\windows.storage.dll
0x00007ffe0d030000 - 0x00007ffe0d04e000 	C:\Windows\System32\profapi.dll
0x00007ffe0cfe0000 - 0x00007ffe0d02a000 	C:\Windows\System32\powrprof.dll
0x00007ffe0cfb0000 - 0x00007ffe0cfc0000 	C:\Windows\System32\UMPDC.dll
0x00007ffe0f3d0000 - 0x00007ffe0f422000 	C:\Windows\System32\shlwapi.dll
0x00007ffe0d050000 - 0x00007ffe0d061000 	C:\Windows\System32\kernel.appcore.dll
0x000001f2ec940000 - 0x000001f2ec957000 	C:\Windows\System32\cryptsp.dll
0x00007ffe0e990000 - 0x00007ffe0eae7000 	C:\Windows\System32\ole32.dll
0x00007ffe0d070000 - 0x00007ffe0d0cc000 	C:\Windows\System32\WINTRUST.dll
0x00007ffe0cfc0000 - 0x00007ffe0cfd2000 	C:\Windows\System32\MSASN1.dll
0x00007ffe0d100000 - 0x00007ffe0d24a000 	C:\Windows\System32\CRYPT32.dll
0x00007ffde25f0000 - 0x00007ffde26f2000 	C:\Windows\incops3\ESSCNL64.dll
0x00007ffdf3b20000 - 0x00007ffdf3b51000 	C:\PaperSecu\SPCOREHK64.DLL
0x00007ffdf39f0000 - 0x00007ffdf3b1e000 	C:\PAPERSECU\PAPERHK64.DLL
0x00007ffdfccb0000 - 0x00007ffdfccba000 	C:\Windows\SYSTEM32\VERSION.dll
0x00007ffdfbb40000 - 0x00007ffdfbbcf000 	C:\Windows\SYSTEM32\WINSPOOL.DRV
0x00007ffe0d250000 - 0x00007ffe0d276000 	C:\Windows\System32\bcrypt.dll
0x00007ffe06f40000 - 0x00007ffe0702f000 	C:\Windows\SYSTEM32\PROPSYS.dll
0x000001f2ee540000 - 0x000001f2ee605000 	C:\Windows\System32\OLEAUT32.dll
0x00007ffe0c500000 - 0x00007ffe0c53a000 	C:\Windows\SYSTEM32\IPHLPAPI.DLL
0x00007ffdf3440000 - 0x00007ffdf34a2000 	C:\PAPERSECU\PAPERPHK64.DLL
0x00007ffddedb0000 - 0x00007ffddf0a7000 	C:\Windows\pcdrm\NSCCOR0364.DLL
0x00007ffe0ee50000 - 0x00007ffe0ee58000 	C:\Windows\System32\psapi.dll
0x00007ffddff50000 - 0x00007ffddff87000 	C:\Windows\pcdrm\NBID64.dll
0x00007ffddff10000 - 0x00007ffddff4c000 	C:\Windows\pcdrm\NFD0164.dll
0x00007ffdfa4b0000 - 0x00007ffdfa4bc000 	D:\Programs\eclipse-jee-2022-09-R-win32-x86_64\plugins\org.eclipse.justj.openjdk.hotspot.jre.full.win32.x86_64_17.0.4.v20220903-1038\jre\bin\vcruntime140_1.dll
0x00007ffde6670000 - 0x00007ffde6701000 	D:\Programs\eclipse-jee-2022-09-R-win32-x86_64\plugins\org.eclipse.justj.openjdk.hotspot.jre.full.win32.x86_64_17.0.4.v20220903-1038\jre\bin\msvcp140.dll
0x00007ffd9a9a0000 - 0x00007ffd9b5e6000 	D:\Programs\eclipse-jee-2022-09-R-win32-x86_64\plugins\org.eclipse.justj.openjdk.hotspot.jre.full.win32.x86_64_17.0.4.v20220903-1038\jre\bin\server\jvm.dll
0x00007ffdeb710000 - 0x00007ffdeb719000 	C:\Windows\SYSTEM32\WSOCK32.dll
0x000001f2ee810000 - 0x000001f2ee87f000 	C:\Windows\System32\WS2_32.dll
0x00007ffe06070000 - 0x00007ffe06094000 	C:\Windows\SYSTEM32\WINMM.dll
0x00007ffe06040000 - 0x00007ffe0606d000 	C:\Windows\SYSTEM32\WINMMBASE.dll
0x00007ffdd6bb0000 - 0x00007ffdd6bba000 	D:\Programs\eclipse-jee-2022-09-R-win32-x86_64\plugins\org.eclipse.justj.openjdk.hotspot.jre.full.win32.x86_64_17.0.4.v20220903-1038\jre\bin\jimage.dll
0x00007ffe0b610000 - 0x00007ffe0b804000 	C:\Windows\SYSTEM32\DBGHELP.DLL
0x00007ffdee180000 - 0x00007ffdee1aa000 	C:\Windows\SYSTEM32\dbgcore.DLL
0x00007ffdbec50000 - 0x00007ffdbec8b000 	D:\Programs\eclipse-jee-2022-09-R-win32-x86_64\plugins\org.eclipse.justj.openjdk.hotspot.jre.full.win32.x86_64_17.0.4.v20220903-1038\jre\bin\jdwp.dll
0x00007ffdd6ba0000 - 0x00007ffdd6bae000 	D:\Programs\eclipse-jee-2022-09-R-win32-x86_64\plugins\org.eclipse.justj.openjdk.hotspot.jre.full.win32.x86_64_17.0.4.v20220903-1038\jre\bin\instrument.dll
0x00007ffdc8f10000 - 0x00007ffdc8f35000 	D:\Programs\eclipse-jee-2022-09-R-win32-x86_64\plugins\org.eclipse.justj.openjdk.hotspot.jre.full.win32.x86_64_17.0.4.v20220903-1038\jre\bin\java.dll
0x00007ffdc8ef0000 - 0x00007ffdc8f08000 	D:\Programs\eclipse-jee-2022-09-R-win32-x86_64\plugins\org.eclipse.justj.openjdk.hotspot.jre.full.win32.x86_64_17.0.4.v20220903-1038\jre\bin\zip.dll
0x00007ffdfb6e0000 - 0x00007ffdfb6ec000 	D:\Programs\eclipse-jee-2022-09-R-win32-x86_64\plugins\org.eclipse.justj.openjdk.hotspot.jre.full.win32.x86_64_17.0.4.v20220903-1038\jre\bin\dt_socket.dll
0x00007ffe0c7f0000 - 0x00007ffe0c857000 	C:\Windows\system32\mswsock.dll
0x00007ffe0c540000 - 0x00007ffe0c60a000 	C:\Windows\SYSTEM32\DNSAPI.dll
0x000001f2ee9a0000 - 0x000001f2ee9a8000 	C:\Windows\System32\NSI.dll
0x00007ffe01b30000 - 0x00007ffe01b3a000 	C:\Windows\System32\rasadhlp.dll
0x00007ffe03ea0000 - 0x00007ffe03f17000 	C:\Windows\System32\fwpuclnt.dll
0x00007ffdc8eb0000 - 0x00007ffdc8ec9000 	D:\Programs\eclipse-jee-2022-09-R-win32-x86_64\plugins\org.eclipse.justj.openjdk.hotspot.jre.full.win32.x86_64_17.0.4.v20220903-1038\jre\bin\net.dll
0x00007ffe04400000 - 0x00007ffe044f9000 	C:\Windows\SYSTEM32\WINHTTP.dll
0x00007ffdb5d10000 - 0x00007ffdb5d25000 	D:\Programs\eclipse-jee-2022-09-R-win32-x86_64\plugins\org.eclipse.justj.openjdk.hotspot.jre.full.win32.x86_64_17.0.4.v20220903-1038\jre\bin\nio.dll
0x00007ffdd6130000 - 0x00007ffdd6140000 	D:\Programs\eclipse-jee-2022-09-R-win32-x86_64\plugins\org.eclipse.justj.openjdk.hotspot.jre.full.win32.x86_64_17.0.4.v20220903-1038\jre\bin\verify.dll
0x00007ffdfb6d0000 - 0x00007ffdfb6d9000 	D:\Programs\eclipse-jee-2022-09-R-win32-x86_64\plugins\org.eclipse.justj.openjdk.hotspot.jre.full.win32.x86_64_17.0.4.v20220903-1038\jre\bin\management.dll
0x00007ffde7000000 - 0x00007ffde700b000 	D:\Programs\eclipse-jee-2022-09-R-win32-x86_64\plugins\org.eclipse.justj.openjdk.hotspot.jre.full.win32.x86_64_17.0.4.v20220903-1038\jre\bin\management_ext.dll
0x00007ffded930000 - 0x00007ffded946000 	C:\Windows\system32\napinsp.dll
0x00007ffded950000 - 0x00007ffded96a000 	C:\Windows\system32\pnrpnsp.dll
0x00007ffded970000 - 0x00007ffded97e000 	C:\Windows\System32\winrnr.dll
0x00007ffe05c70000 - 0x00007ffe05c8c000 	C:\Windows\system32\NLAapi.dll
0x00007ffe04b60000 - 0x00007ffe04b75000 	C:\Windows\system32\wshbth.dll
0x00007ffe0c0f0000 - 0x00007ffe0c123000 	C:\Windows\system32\rsaenh.dll
0x00007ffe0cea0000 - 0x00007ffe0cec5000 	C:\Windows\SYSTEM32\USERENV.dll
0x00007ffe0c9c0000 - 0x00007ffe0c9cc000 	C:\Windows\SYSTEM32\CRYPTBASE.dll
0x00007ffe03cd0000 - 0x00007ffe03ce6000 	C:\Windows\SYSTEM32\dhcpcsvc6.DLL
0x00007ffe03c80000 - 0x00007ffe03c9c000 	C:\Windows\SYSTEM32\dhcpcsvc.DLL
0x00007ffdd6c10000 - 0x00007ffdd6c1e000 	D:\Programs\eclipse-jee-2022-09-R-win32-x86_64\plugins\org.eclipse.justj.openjdk.hotspot.jre.full.win32.x86_64_17.0.4.v20220903-1038\jre\bin\sunmscapi.dll
0x00007ffe0cac0000 - 0x00007ffe0cae6000 	C:\Windows\SYSTEM32\ncrypt.dll
0x00007ffe0ca80000 - 0x00007ffe0cabb000 	C:\Windows\SYSTEM32\NTASN1.dll
0x00007ffde6660000 - 0x00007ffde6667000 	C:\Windows\system32\wshunix.dll

dbghelp: loaded successfully - version: 4.0.5 - missing functions: none
symbol engine: initialized successfully - sym options: 0x614 - pdb path: .;D:\Programs\eclipse-jee-2022-09-R-win32-x86_64\plugins\org.eclipse.justj.openjdk.hotspot.jre.full.win32.x86_64_17.0.4.v20220903-1038\jre\bin;C:\Windows\SYSTEM32;C:\Windows\WinSxS\amd64_microsoft.windows.common-controls_6595b64144ccf1df_6.0.18362.2274_none_9e8067a5e45c3d75;C:\Windows\incops3;C:\PaperSecu;C:\Windows\pcdrm;D:\Programs\eclipse-jee-2022-09-R-win32-x86_64\plugins\org.eclipse.justj.openjdk.hotspot.jre.full.win32.x86_64_17.0.4.v20220903-1038\jre\bin\server

VM Arguments:
jvm_args: -XX:+ShowCodeDetailsInExceptionMessages -agentlib:jdwp=transport=dt_socket,suspend=y,address=localhost:54574 -javaagent:D:\Programs\eclipse-jee-2022-09-R-win32-x86_64\configuration\org.eclipse.osgi\421\0\.cp\lib\javaagent-shaded.jar -Dfile.encoding=UTF-8 
java_command: com.mymes.equip.tc.ToolControlApplication
java_class_path (initial): D:\Sources\Workspaces\Workspace-3dx\3dx-conv\control\tc\target\classes;C:\Users\insoo67.park\.m2\repository\org\springframework\boot\spring-boot-starter-web\2.7.1\spring-boot-starter-web-2.7.1.jar;C:\Users\insoo67.park\.m2\repository\org\springframework\boot\spring-boot-starter\2.7.1\spring-boot-starter-2.7.1.jar;C:\Users\insoo67.park\.m2\repository\org\springframework\boot\spring-boot-starter-logging\2.7.1\spring-boot-starter-logging-2.7.1.jar;C:\Users\insoo67.park\.m2\repository\ch\qos\logback\logback-classic\1.2.11\logback-classic-1.2.11.jar;C:\Users\insoo67.park\.m2\repository\ch\qos\logback\logback-core\1.2.11\logback-core-1.2.11.jar;C:\Users\insoo67.park\.m2\repository\org\apache\logging\log4j\log4j-to-slf4j\2.17.2\log4j-to-slf4j-2.17.2.jar;C:\Users\insoo67.park\.m2\repository\org\apache\logging\log4j\log4j-api\2.17.2\log4j-api-2.17.2.jar;C:\Users\insoo67.park\.m2\repository\org\slf4j\jul-to-slf4j\1.7.36\jul-to-slf4j-1.7.36.jar;C:\Users\insoo67.park\.m2\repository\jakarta\annotation\jakarta.annotation-api\1.3.5\jakarta.annotation-api-1.3.5.jar;C:\Users\insoo67.park\.m2\repository\org\yaml\snakeyaml\1.30\snakeyaml-1.30.jar;C:\Users\insoo67.park\.m2\repository\org\springframework\boot\spring-boot-starter-json\2.7.1\spring-boot-starter-json-2.7.1.jar;C:\Users\insoo67.park\.m2\repository\com\fasterxml\jackson\core\jackson-databind\2.13.3\jackson-databind-2.13.3.jar;C:\Users\insoo67.park\.m2\repository\com\fasterxml\jackson\core\jackson-core\2.13.3\jackson-core-2.13.3.jar;C:\Users\insoo67.park\.m2\repository\com\fasterxml\jackson\datatype\jackson-datatype-jdk8\2.13.3\jackson-datatype-jdk8-2.13.3.jar;C:\Users\insoo67.park\.m2\repository\com\fasterxml\jackson\datatype\jackson-datatype-jsr310\2.13.3\jackson-datatype-jsr310-2.13.3.jar;C:\Users\insoo67.park\.m2\repository\com\fasterxml\jackson\module\jackson-module-parameter-names\2.13.3\jackson-module-parameter-names-2.13.3.jar;C:\Users\insoo67.park\.m2\repository\org\springframework\boot\s
Launcher Type: SUN_STANDARD

[Global flags]
     intx CICompilerCount                          = 4                                         {product} {ergonomic}
     uint ConcGCThreads                            = 2                                         {product} {ergonomic}
     uint G1ConcRefinementThreads                  = 8                                         {product} {ergonomic}
   size_t G1HeapRegionSize                         = 2097152                                   {product} {ergonomic}
    uintx GCDrainStackTargetSize                   = 64                                        {product} {ergonomic}
   size_t InitialHeapSize                          = 264241152                                 {product} {ergonomic}
   size_t MarkStackSize                            = 4194304                                   {product} {ergonomic}
   size_t MaxHeapSize                              = 4211081216                                {product} {ergonomic}
   size_t MaxNewSize                               = 2524971008                                {product} {ergonomic}
   size_t MinHeapDeltaBytes                        = 2097152                                   {product} {ergonomic}
   size_t MinHeapSize                              = 8388608                                   {product} {ergonomic}
    uintx NonNMethodCodeHeapSize                   = 5839372                                {pd product} {ergonomic}
    uintx NonProfiledCodeHeapSize                  = 122909434                              {pd product} {ergonomic}
    uintx ProfiledCodeHeapSize                     = 122909434                              {pd product} {ergonomic}
    uintx ReservedCodeCacheSize                    = 251658240                              {pd product} {ergonomic}
     bool SegmentedCodeCache                       = true                                      {product} {ergonomic}
     bool ShowCodeDetailsInExceptionMessages       = true                                   {manageable} {command line}
   size_t SoftMaxHeapSize                          = 4211081216                             {manageable} {ergonomic}
     bool UseCompressedClassPointers               = true                           {product lp64_product} {ergonomic}
     bool UseCompressedOops                        = true                           {product lp64_product} {ergonomic}
     bool UseG1GC                                  = true                                      {product} {ergonomic}
     bool UseLargePagesIndividualAllocation        = false                                  {pd product} {ergonomic}

Logging:
Log output configuration:
 #0: stdout all=warning uptime,level,tags
 #1: stderr all=off uptime,level,tags

Environment Variables:
JAVA_HOME=C:\Program Files\ojdkbuild\java-1.8.0-openjdk-1.8.0.322-1
PATH=D:\Programs\eclipse-jee-2022-09-R-win32-x86_64\plugins\org.eclipse.justj.openjdk.hotspot.jre.full.win32.x86_64_17.0.4.v20220903-1038\jre\bin;D:/Programs/eclipse-jee-2022-09-R-win32-x86_64//plugins/org.eclipse.justj.openjdk.hotspot.jre.full.win32.x86_64_17.0.4.v20220903-1038/jre/bin/server;D:/Programs/eclipse-jee-2022-09-R-win32-x86_64//plugins/org.eclipse.justj.openjdk.hotspot.jre.full.win32.x86_64_17.0.4.v20220903-1038/jre/bin;C:\Program Files\Eclipse Foundation\jdk-8.0.302.8-hotspot\bin;C:\Windows\system32;C:\Windows;C:\Windows\System32\Wbem;C:\Windows\System32\WindowsPowerShell\v1.0\;C:\Windows\System32\OpenSSH\;C:\Program Files (x86)\NVIDIA Corporation\PhysX\Common;C:\Program Files\NVIDIA Corporation\NVIDIA NvDLISR;C:\Knox Drive;C:\Knox Drive\vcredist64;C:\Program Files\nodejs\;C:\Program Files\Git\cmd;C:\Program Files\ojdkbuild\java-17-openjdk-17.0.2.0.8-1\bin;C:\Program Files\Microsoft VS Code\bin;C:\mingw64\bin;D:\Programs\ffmpeg-5.0.1-full_build\bin;D:\Programs\apache-maven-3.8.7\bin;C:\Program Files\Go\bin;D:\Sources\Workspaces\Workspace-go\bin;C:\Users\insoo67.park\go;C:\Program Files\Common Files\Tom Sawyer Software\10.0.0;D:\Programs\cmake-3.28.1-windows-x86_64\bin;C:\OpenUSD\bin;C:\OpenUSD\lib;C:\Users\insoo67.park\AppData\Local\Programs\Python\Python310\Scripts\;C:\Users\insoo67.park\AppData\Local\Programs\Python\Python310\;C:\Users\insoo67.park\AppData\Local\Microsoft\WindowsApps;C:\Users\insoo67.park\AppData\Roaming\npm;C:\Program Files\Fiddler;D:\Programs\eclipse-jee-2022-09-R-win32-x86_64;
USERNAME=insoo67.park
OS=Windows_NT
PROCESSOR_IDENTIFIER=Intel64 Family 6 Model 140 Stepping 1, GenuineIntel
TMP=C:\Users\INSOO6~1.PAR\AppData\Local\Temp
TEMP=C:\Users\INSOO6~1.PAR\AppData\Local\Temp



---------------  S Y S T E M  ---------------

OS:
 Windows 10 , 64 bit Build 18362 (10.0.18362.2274)
OS uptime: 0 days 6:33 hours

CPU: total 8 (initial active 8) (4 cores per cpu, 2 threads per core) family 6 model 140 stepping 1 microcode 0x9a, cx8, cmov, fxsr, ht, mmx, 3dnowpref, sse, sse2, sse3, ssse3, sse4.1, sse4.2, popcnt, lzcnt, tsc, tscinvbit, avx, avx2, aes, erms, clmul, bmi1, bmi2, adx, avx512f, avx512dq, avx512cd, avx512bw, avx512vl, sha, fma, vzeroupper, avx512_vpopcntdq, avx512_vpclmulqdq, avx512_vaes, avx512_vnni, clflush, clflushopt, clwb, avx512_vbmi2, avx512_vbmi

Memory: 4k page, system-wide physical 16057M (5887M free)
TotalPageFile size 21445M (AvailPageFile size 2489M)
current process WorkingSet (physical memory assigned to process): 373M, peak: 454M
current process commit charge ("private bytes"): 403M, peak: 484M

vm_info: OpenJDK 64-Bit Server VM (17.0.4.1+1) for windows-amd64 JRE (17.0.4.1+1), built on Aug 17 2022 07:42:43 by "temurin" with MS VC++ 16.7 (VS2019)

END.
